11:06:50 **** Build of configuration Debug_FLASH for project s32k144_KNU_Driving_ABS_Simulator ****
make -j16 all 
Building file: ../src/main.c
Building file: ../SDK/platform/drivers/src/pins/pins_driver.c
Building file: ../SDK/platform/drivers/src/pins/pins_port_hw_access.c
Invoking: Standard S32DS C Compiler
arm-none-eabi-gcc "@src/main.args" -MMD -MP -MF"src/main.d" -MT"src/main.o" -o "src/main.o" "../src/main.c"
Invoking: Standard S32DS C Compiler
arm-none-eabi-gcc "@SDK/platform/drivers/src/pins/pins_driver.args" -MMD -MP -MF"SDK/platform/drivers/src/pins/pins_driver.d" -MT"SDK/platform/drivers/src/pins/pins_driver.o" -o "SDK/platform/drivers/src/pins/pins_driver.o" "../SDK/platform/drivers/src/pins/pins_driver.c"
Invoking: Standard S32DS C Compiler
arm-none-eabi-gcc "@SDK/platform/drivers/src/pins/pins_driver.args" -MMD -MP -MF"SDK/platform/drivers/src/pins/pins_port_hw_access.d" -MT"SDK/platform/drivers/src/pins/pins_port_hw_access.o" -o "SDK/platform/drivers/src/pins/pins_port_hw_access.o" "../SDK/platform/drivers/src/pins/pins_port_hw_access.c"
Building file: ../SDK/platform/drivers/src/interrupt/interrupt_manager.c
Building file: ../SDK/platform/drivers/src/clock/S32K1xx/clock_S32K1xx.c
Building file: ../SDK/platform/devices/S32K144/startup/system_S32K144.c
Invoking: Standard S32DS C Compiler
arm-none-eabi-gcc "@SDK/platform/drivers/src/interrupt/interrupt_manager.args" -MMD -MP -MF"SDK/platform/drivers/src/interrupt/interrupt_manager.d" -MT"SDK/platform/drivers/src/interrupt/interrupt_manager.o" -o "SDK/platform/drivers/src/interrupt/interrupt_manager.o" "../SDK/platform/drivers/src/interrupt/interrupt_manager.c"
../src/main.c: In function 'GPIO_PORT_INIT':
Invoking: Standard S32DS C Compiler
arm-none-eabi-gcc "@SDK/platform/drivers/src/clock/S32K1xx/clock_S32K1xx.args" -MMD -MP -MF"SDK/platform/drivers/src/clock/S32K1xx/clock_S32K1xx.d" -MT"SDK/platform/drivers/src/clock/S32K1xx/clock_S32K1xx.o" -o "SDK/platform/drivers/src/clock/S32K1xx/clock_S32K1xx.o" "../SDK/platform/drivers/src/clock/S32K1xx/clock_S32K1xx.c"
../src/main.c:29:22: warning: binary constants are a GCC extension
Invoking: Standard S32DS C Compiler
     PORTA_PCR4 &= ~((0b111)<<PORT_PCR_MUX_SHIFT);
arm-none-eabi-gcc "@SDK/platform/devices/S32K144/startup/system_S32K144.args" -MMD -MP -MF"SDK/platform/devices/S32K144/startup/system_S32K144.d" -MT"SDK/platform/devices/S32K144/startup/system_S32K144.o" -o "SDK/platform/devices/S32K144/startup/system_S32K144.o" "../SDK/platform/devices/S32K144/startup/system_S32K144.c"
                      ^~~~~
../src/main.c:32:22: warning: binary constants are a GCC extension
     PORTA_PCR6 &= ~((0b111)<<PORT_PCR_MUX_SHIFT);
                      ^~~~~
../src/main.c:35:22: warning: binary constants are a GCC extension
     PORTA_PCR7 &= ~((0b111)<<PORT_PCR_MUX_SHIFT);
                      ^~~~~
../src/main.c:38:22: warning: binary constants are a GCC extension
     PORTA_PCR8 &= ~((0b111)<<PORT_PCR_MUX_SHIFT);
                      ^~~~~
Building file: ../SDK/platform/devices/startup.c
../src/main.c:41:22: warning: binary constants are a GCC extension
     PORTA_PCR9 &= ~((0b111)<<PORT_PCR_MUX_SHIFT);
                      ^~~~~
../src/main.c:44:23: warning: binary constants are a GCC extension
     PORTA_PCR10 &= ~((0b111)<<PORT_PCR_MUX_SHIFT);
                       ^~~~~
../src/main.c:47:23: warning: binary constants are a GCC extension
     PORTA_PCR11 &= ~((0b111)<<PORT_PCR_MUX_SHIFT);
                       ^~~~~
Building file: ../Project_Settings/Startup_Code/startup_S32K144.S
Building file: ../Generated_Code/Cpu.c
Invoking: Standard S32DS C Compiler
arm-none-eabi-gcc "@SDK/platform/devices/startup.args" -MMD -MP -MF"SDK/platform/devices/startup.d" -MT"SDK/platform/devices/startup.o" -o "SDK/platform/devices/startup.o" "../SDK/platform/devices/startup.c"
Finished building: ../src/main.c
Finished building: ../SDK/platform/drivers/src/pins/pins_driver.c
 
 
Finished building: ../SDK/platform/drivers/src/pins/pins_port_hw_access.c
Finished building: ../SDK/platform/drivers/src/interrupt/interrupt_manager.c
Invoking: Standard S32DS Assembler
arm-none-eabi-gcc "@Project_Settings/Startup_Code/startup_S32K144.args" -o "Project_Settings/Startup_Code/startup_S32K144.o" "../Project_Settings/Startup_Code/startup_S32K144.S"
 
 
Invoking: Standard S32DS C Compiler
arm-none-eabi-gcc "@Generated_Code/Cpu.args" -MMD -MP -MF"Generated_Code/Cpu.d" -MT"Generated_Code/Cpu.o" -o "Generated_Code/Cpu.o" "../Generated_Code/Cpu.c"
Finished building: ../SDK/platform/devices/S32K144/startup/system_S32K144.c
Building file: ../Generated_Code/clockMan1.c
Finished building: ../SDK/platform/devices/startup.c
Invoking: Standard S32DS C Compiler
arm-none-eabi-gcc "@Generated_Code/Cpu.args" -MMD -MP -MF"Generated_Code/clockMan1.d" -MT"Generated_Code/clockMan1.o" -o "Generated_Code/clockMan1.o" "../Generated_Code/clockMan1.c"
 
 
Finished building: ../Project_Settings/Startup_Code/startup_S32K144.S
Finished building: ../SDK/platform/drivers/src/clock/S32K1xx/clock_S32K1xx.c
Building file: ../Generated_Code/pin_mux.c
 
 
Invoking: Standard S32DS C Compiler
arm-none-eabi-gcc "@Generated_Code/Cpu.args" -MMD -MP -MF"Generated_Code/pin_mux.d" -MT"Generated_Code/pin_mux.o" -o "Generated_Code/pin_mux.o" "../Generated_Code/pin_mux.c"
Finished building: ../Generated_Code/Cpu.c
 
Finished building: ../Generated_Code/clockMan1.c
 
Finished building: ../Generated_Code/pin_mux.c
 
Building target: s32k144_KNU_Driving_ABS_Simulator.elf
Invoking: Standard S32DS C Linker
arm-none-eabi-gcc -o "s32k144_KNU_Driving_ABS_Simulator.elf" "@s32k144_KNU_Driving_ABS_Simulator.args"   
Finished building target: s32k144_KNU_Driving_ABS_Simulator.elf
 
Invoking: Standard S32DS Print Size
arm-none-eabi-size --format=berkeley s32k144_KNU_Driving_ABS_Simulator.elf
   text	   data	    bss	    dec	    hex	filename
   1664	      0	   3072	   4736	   1280	s32k144_KNU_Driving_ABS_Simulator.elf
Finished building: s32k144_KNU_Driving_ABS_Simulator.siz
 
11:12:13 **** Incremental Build of configuration Debug_FLASH for project s32k144_KNU_Driving_ABS_Simulator ****
make -j16 all 
Invoking: Standard S32DS Print Size
arm-none-eabi-size --format=berkeley s32k144_KNU_Driving_ABS_Simulator.elf
   text	   data	    bss	    dec	    hex	filename
   1664	      0	   3072	   4736	   1280	s32k144_KNU_Driving_ABS_Simulator.elf
Finished building: s32k144_KNU_Driving_ABS_Simulator.siz
 
11:12:42 **** Incremental Build of configuration Debug_FLASH for project s32k144_KNU_Driving_ABS_Simulator ****
make -j16 all 
Invoking: Standard S32DS Print Size
arm-none-eabi-size --format=berkeley s32k144_KNU_Driving_ABS_Simulator.elf
   text	   data	    bss	    dec	    hex	filename
   1664	      0	   3072	   4736	   1280	s32k144_KNU_Driving_ABS_Simulator.elf
Finished building: s32k144_KNU_Driving_ABS_Simulator.siz
 
11:14:28 **** Incremental Build of configuration Debug_FLASH for project s32k144_KNU_Driving_ABS_Simulator ****
make -j16 all 
Invoking: Standard S32DS Print Size
arm-none-eabi-size --format=berkeley s32k144_KNU_Driving_ABS_Simulator.elf
   text	   data	    bss	    dec	    hex	filename
   1664	      0	   3072	   4736	   1280	s32k144_KNU_Driving_ABS_Simulator.elf
Finished building: s32k144_KNU_Driving_ABS_Simulator.siz
 
11:19:14 **** Incremental Build of configuration Debug_FLASH for project s32k144_KNU_Driving_ABS_Simulator ****
make -j16 all 
Invoking: Standard S32DS Print Size
arm-none-eabi-size --format=berkeley s32k144_KNU_Driving_ABS_Simulator.elf
   text	   data	    bss	    dec	    hex	filename
   1664	      0	   3072	   4736	   1280	s32k144_KNU_Driving_ABS_Simulator.elf
Finished building: s32k144_KNU_Driving_ABS_Simulator.siz
 
11:20:55 **** Incremental Build of configuration Debug_FLASH for project s32k144_KNU_Driving_ABS_Simulator ****
make -j16 all 
Invoking: Standard S32DS Print Size
arm-none-eabi-size --format=berkeley s32k144_KNU_Driving_ABS_Simulator.elf
   text	   data	    bss	    dec	    hex	filename
   1664	      0	   3072	   4736	   1280	s32k144_KNU_Driving_ABS_Simulator.elf
Finished building: s32k144_KNU_Driving_ABS_Simulator.siz
 
11:23:40 **** Incremental Build of configuration Debug_FLASH for project s32k144_KNU_Driving_ABS_Simulator ****
make -j16 all 
Invoking: Standard S32DS Print Size
arm-none-eabi-size --format=berkeley s32k144_KNU_Driving_ABS_Simulator.elf
   text	   data	    bss	    dec	    hex	filename
   1664	      0	   3072	   4736	   1280	s32k144_KNU_Driving_ABS_Simulator.elf
Finished building: s32k144_KNU_Driving_ABS_Simulator.siz
 
11:25:57 **** Incremental Build of configuration Debug_FLASH for project s32k144_KNU_Driving_ABS_Simulator ****
make -j16 all 
Invoking: Standard S32DS Print Size
arm-none-eabi-size --format=berkeley s32k144_KNU_Driving_ABS_Simulator.elf
   text	   data	    bss	    dec	    hex	filename
   1664	      0	   3072	   4736	   1280	s32k144_KNU_Driving_ABS_Simulator.elf
Finished building: s32k144_KNU_Driving_ABS_Simulator.siz
 
12:06:17 **** Incremental Build of configuration Debug_FLASH for project s32k144_KNU_Driving_ABS_Simulator ****
make -j16 all 
Invoking: Standard S32DS Print Size
arm-none-eabi-size --format=berkeley s32k144_KNU_Driving_ABS_Simulator.elf
   text	   data	    bss	    dec	    hex	filename
   1664	      0	   3072	   4736	   1280	s32k144_KNU_Driving_ABS_Simulator.elf
Finished building: s32k144_KNU_Driving_ABS_Simulator.siz
 
12:06:20 **** Incremental Build of configuration Debug_FLASH for project s32k144_KNU_Driving_ABS_Simulator ****
make -j16 all 
Invoking: Standard S32DS Print Size
arm-none-eabi-size --format=berkeley s32k144_KNU_Driving_ABS_Simulator.elf
   text	   data	    bss	    dec	    hex	filename
   1664	      0	   3072	   4736	   1280	s32k144_KNU_Driving_ABS_Simulator.elf
Finished building: s32k144_KNU_Driving_ABS_Simulator.siz
 
12:06:23 **** Incremental Build of configuration Debug_FLASH for project s32k144_KNU_Driving_ABS_Simulator ****
make -j16 all 
Invoking: Standard S32DS Print Size
arm-none-eabi-size --format=berkeley s32k144_KNU_Driving_ABS_Simulator.elf
   text	   data	    bss	    dec	    hex	filename
   1664	      0	   3072	   4736	   1280	s32k144_KNU_Driving_ABS_Simulator.elf
Finished building: s32k144_KNU_Driving_ABS_Simulator.siz
 
23:58:19 **** Incremental Build of configuration Debug_FLASH for project s32k144_KNU_Driving_ABS_Simulator ****
make -j16 all 
Invoking: Standard S32DS Print Size
arm-none-eabi-size --format=berkeley s32k144_KNU_Driving_ABS_Simulator.elf
   text	   data	    bss	    dec	    hex	filename
   1664	      0	   3072	   4736	   1280	s32k144_KNU_Driving_ABS_Simulator.elf
Finished building: s32k144_KNU_Driving_ABS_Simulator.siz
 
07:23:09 **** Incremental Build of configuration Debug_FLASH for project s32k144_KNU_Driving_ABS_Simulator ****
make -j16 all 
Invoking: Standard S32DS Print Size
arm-none-eabi-size --format=berkeley s32k144_KNU_Driving_ABS_Simulator.elf
   text	   data	    bss	    dec	    hex	filename
   1664	      0	   3072	   4736	   1280	s32k144_KNU_Driving_ABS_Simulator.elf
Finished building: s32k144_KNU_Driving_ABS_Simulator.siz
 
07:23:21 **** Incremental Build of configuration Debug_FLASH for project s32k144_KNU_Driving_ABS_Simulator ****
make -j16 all 
Invoking: Standard S32DS Print Size
arm-none-eabi-size --format=berkeley s32k144_KNU_Driving_ABS_Simulator.elf
   text	   data	    bss	    dec	    hex	filename
   1664	      0	   3072	   4736	   1280	s32k144_KNU_Driving_ABS_Simulator.elf
Finished building: s32k144_KNU_Driving_ABS_Simulator.siz
 
07:23:43 **** Incremental Build of configuration Debug_FLASH for project s32k144_KNU_Driving_ABS_Simulator ****
make -j16 all 
Invoking: Standard S32DS Print Size
arm-none-eabi-size --format=berkeley s32k144_KNU_Driving_ABS_Simulator.elf
   text	   data	    bss	    dec	    hex	filename
   1664	      0	   3072	   4736	   1280	s32k144_KNU_Driving_ABS_Simulator.elf
Finished building: s32k144_KNU_Driving_ABS_Simulator.siz
 
07:23:51 **** Incremental Build of configuration Debug_FLASH for project s32k144_KNU_Driving_ABS_Simulator ****
make -j16 all 
Invoking: Standard S32DS Print Size
arm-none-eabi-size --format=berkeley s32k144_KNU_Driving_ABS_Simulator.elf
   text	   data	    bss	    dec	    hex	filename
   1664	      0	   3072	   4736	   1280	s32k144_KNU_Driving_ABS_Simulator.elf
Finished building: s32k144_KNU_Driving_ABS_Simulator.siz
 
07:24:15 **** Incremental Build of configuration Debug_FLASH for project s32k144_KNU_Driving_ABS_Simulator ****
make -j16 all 
Invoking: Standard S32DS Print Size
arm-none-eabi-size --format=berkeley s32k144_KNU_Driving_ABS_Simulator.elf
   text	   data	    bss	    dec	    hex	filename
   1664	      0	   3072	   4736	   1280	s32k144_KNU_Driving_ABS_Simulator.elf
Finished building: s32k144_KNU_Driving_ABS_Simulator.siz
 
07:24:19 **** Incremental Build of configuration Debug_FLASH for project s32k144_KNU_Driving_ABS_Simulator ****
make -j16 all 
Invoking: Standard S32DS Print Size
arm-none-eabi-size --format=berkeley s32k144_KNU_Driving_ABS_Simulator.elf
   text	   data	    bss	    dec	    hex	filename
   1664	      0	   3072	   4736	   1280	s32k144_KNU_Driving_ABS_Simulator.elf
Finished building: s32k144_KNU_Driving_ABS_Simulator.siz
 
07:25:06 **** Incremental Build of configuration Debug_FLASH for project s32k144_KNU_Driving_ABS_Simulator ****
make -j16 all 
Invoking: Standard S32DS Print Size
arm-none-eabi-size --format=berkeley s32k144_KNU_Driving_ABS_Simulator.elf
   text	   data	    bss	    dec	    hex	filename
   1664	      0	   3072	   4736	   1280	s32k144_KNU_Driving_ABS_Simulator.elf
Finished building: s32k144_KNU_Driving_ABS_Simulator.siz
 
07:27:45 **** Incremental Build of configuration Debug_FLASH for project s32k144_KNU_Driving_ABS_Simulator ****
make -j16 all 
Building file: ../src/main.c
Invoking: Standard S32DS C Compiler
arm-none-eabi-gcc "@src/main.args" -MMD -MP -MF"src/main.d" -MT"src/main.o" -o "src/main.o" "../src/main.c"
Finished building: ../src/main.c
 
Building target: s32k144_KNU_Driving_ABS_Simulator.elf
Invoking: Standard S32DS C Linker
arm-none-eabi-gcc -o "s32k144_KNU_Driving_ABS_Simulator.elf" "@s32k144_KNU_Driving_ABS_Simulator.args"   
Finished building target: s32k144_KNU_Driving_ABS_Simulator.elf
 
Invoking: Standard S32DS Print Size
arm-none-eabi-size --format=berkeley s32k144_KNU_Driving_ABS_Simulator.elf
   text	   data	    bss	    dec	    hex	filename
   1576	      0	   3072	   4648	   1228	s32k144_KNU_Driving_ABS_Simulator.elf
Finished building: s32k144_KNU_Driving_ABS_Simulator.siz
 
07:27:49 **** Incremental Build of configuration Debug_FLASH for project s32k144_KNU_Driving_ABS_Simulator ****
make -j16 all 
Invoking: Standard S32DS Print Size
arm-none-eabi-size --format=berkeley s32k144_KNU_Driving_ABS_Simulator.elf
   text	   data	    bss	    dec	    hex	filename
   1576	      0	   3072	   4648	   1228	s32k144_KNU_Driving_ABS_Simulator.elf
Finished building: s32k144_KNU_Driving_ABS_Simulator.siz
 
07:28:59 **** Incremental Build of configuration Debug_FLASH for project s32k144_KNU_Driving_ABS_Simulator ****
make -j16 all 
Invoking: Standard S32DS Print Size
arm-none-eabi-size --format=berkeley s32k144_KNU_Driving_ABS_Simulator.elf
   text	   data	    bss	    dec	    hex	filename
   1576	      0	   3072	   4648	   1228	s32k144_KNU_Driving_ABS_Simulator.elf
Finished building: s32k144_KNU_Driving_ABS_Simulator.siz
 
07:29:07 **** Incremental Build of configuration Debug_FLASH for project s32k144_KNU_Driving_ABS_Simulator ****
make -j16 all 
Invoking: Standard S32DS Print Size
arm-none-eabi-size --format=berkeley s32k144_KNU_Driving_ABS_Simulator.elf
   text	   data	    bss	    dec	    hex	filename
   1576	      0	   3072	   4648	   1228	s32k144_KNU_Driving_ABS_Simulator.elf
Finished building: s32k144_KNU_Driving_ABS_Simulator.siz
 
07:31:21 **** Incremental Build of configuration Debug_FLASH for project s32k144_KNU_Driving_ABS_Simulator ****
make -j16 all 
Building file: ../src/main.c
Invoking: Standard S32DS C Compiler
arm-none-eabi-gcc "@src/main.args" -MMD -MP -MF"src/main.d" -MT"src/main.o" -o "src/main.o" "../src/main.c"
Finished building: ../src/main.c
 
Building target: s32k144_KNU_Driving_ABS_Simulator.elf
Invoking: Standard S32DS C Linker
arm-none-eabi-gcc -o "s32k144_KNU_Driving_ABS_Simulator.elf" "@s32k144_KNU_Driving_ABS_Simulator.args"   
Finished building target: s32k144_KNU_Driving_ABS_Simulator.elf
 
Invoking: Standard S32DS Print Size
arm-none-eabi-size --format=berkeley s32k144_KNU_Driving_ABS_Simulator.elf
   text	   data	    bss	    dec	    hex	filename
   1552	      0	   3072	   4624	   1210	s32k144_KNU_Driving_ABS_Simulator.elf
Finished building: s32k144_KNU_Driving_ABS_Simulator.siz
 
07:31:23 **** Incremental Build of configuration Debug_FLASH for project s32k144_KNU_Driving_ABS_Simulator ****
make -j16 all 
Invoking: Standard S32DS Print Size
arm-none-eabi-size --format=berkeley s32k144_KNU_Driving_ABS_Simulator.elf
   text	   data	    bss	    dec	    hex	filename
   1552	      0	   3072	   4624	   1210	s32k144_KNU_Driving_ABS_Simulator.elf
Finished building: s32k144_KNU_Driving_ABS_Simulator.siz
 
07:31:42 **** Incremental Build of configuration Debug_FLASH for project s32k144_KNU_Driving_ABS_Simulator ****
make -j16 all 
Invoking: Standard S32DS Print Size
arm-none-eabi-size --format=berkeley s32k144_KNU_Driving_ABS_Simulator.elf
   text	   data	    bss	    dec	    hex	filename
   1552	      0	   3072	   4624	   1210	s32k144_KNU_Driving_ABS_Simulator.elf
Finished building: s32k144_KNU_Driving_ABS_Simulator.siz
 
07:32:40 **** Incremental Build of configuration Debug_FLASH for project s32k144_KNU_Driving_ABS_Simulator ****
make -j16 all 
Building file: ../src/main.c
Invoking: Standard S32DS C Compiler
arm-none-eabi-gcc "@src/main.args" -MMD -MP -MF"src/main.d" -MT"src/main.o" -o "src/main.o" "../src/main.c"
Finished building: ../src/main.c
 
Building target: s32k144_KNU_Driving_ABS_Simulator.elf
Invoking: Standard S32DS C Linker
arm-none-eabi-gcc -o "s32k144_KNU_Driving_ABS_Simulator.elf" "@s32k144_KNU_Driving_ABS_Simulator.args"   
Finished building target: s32k144_KNU_Driving_ABS_Simulator.elf
 
Invoking: Standard S32DS Print Size
arm-none-eabi-size --format=berkeley s32k144_KNU_Driving_ABS_Simulator.elf
   text	   data	    bss	    dec	    hex	filename
   1552	      0	   3072	   4624	   1210	s32k144_KNU_Driving_ABS_Simulator.elf
Finished building: s32k144_KNU_Driving_ABS_Simulator.siz
 
07:33:43 **** Incremental Build of configuration Debug_FLASH for project s32k144_KNU_Driving_ABS_Simulator ****
make -j16 all 
Building file: ../src/main.c
Invoking: Standard S32DS C Compiler
arm-none-eabi-gcc "@src/main.args" -MMD -MP -MF"src/main.d" -MT"src/main.o" -o "src/main.o" "../src/main.c"
../src/main.c: In function 'port_init':
../src/main.c:42:19: warning: binary constants are a GCC extension
  PORTD_PCR0 &= ~((0b111)<<PORT_PCR_MUX_SHIFT);
                   ^~~~~
../src/main.c:45:19: warning: binary constants are a GCC extension
  PORTD_PCR1 &= ~((0b111)<<PORT_PCR_MUX_SHIFT);
                   ^~~~~
../src/main.c:48:19: warning: binary constants are a GCC extension
  PORTD_PCR2 &= ~((0b111)<<PORT_PCR_MUX_SHIFT);
                   ^~~~~
../src/main.c:51:19: warning: binary constants are a GCC extension
  PORTD_PCR3 &= ~((0b111)<<PORT_PCR_MUX_SHIFT);
                   ^~~~~
../src/main.c:54:19: warning: binary constants are a GCC extension
  PORTD_PCR6 &= ~((0b111)<<PORT_PCR_MUX_SHIFT);
                   ^~~~~
../src/main.c:57:19: warning: binary constants are a GCC extension
  PORTE_PCR1 &= ~((0b111)<<PORT_PCR_MUX_SHIFT);
                   ^~~~~
../src/main.c:60:20: warning: binary constants are a GCC extension
  PORTE_PCR13 &= ~((0b111)<<PORT_PCR_MUX_SHIFT);
                    ^~~~~
../src/main.c:63:20: warning: binary constants are a GCC extension
  PORTE_PCR14 &= ~((0b111)<<PORT_PCR_MUX_SHIFT);
                    ^~~~~
../src/main.c:66:20: warning: binary constants are a GCC extension
  PORTE_PCR15 &= ~((0b111)<<PORT_PCR_MUX_SHIFT);
                    ^~~~~
../src/main.c:69:20: warning: binary constants are a GCC extension
  PORTE_PCR16 &= ~((0b111)<<PORT_PCR_MUX_SHIFT);
                    ^~~~~
Finished building: ../src/main.c
 
Building target: s32k144_KNU_Driving_ABS_Simulator.elf
Invoking: Standard S32DS C Linker
arm-none-eabi-gcc -o "s32k144_KNU_Driving_ABS_Simulator.elf" "@s32k144_KNU_Driving_ABS_Simulator.args"   
Finished building target: s32k144_KNU_Driving_ABS_Simulator.elf
 
Invoking: Standard S32DS Print Size
arm-none-eabi-size --format=berkeley s32k144_KNU_Driving_ABS_Simulator.elf
   text	   data	    bss	    dec	    hex	filename
   1796	      0	   3072	   4868	   1304	s32k144_KNU_Driving_ABS_Simulator.elf
Finished building: s32k144_KNU_Driving_ABS_Simulator.siz
 
07:37:10 **** Incremental Build of configuration Debug_FLASH for project s32k144_KNU_Driving_ABS_Simulator ****
make -j16 all 
Building file: ../src/main.c
Invoking: Standard S32DS C Compiler
arm-none-eabi-gcc "@src/main.args" -MMD -MP -MF"src/main.d" -MT"src/main.o" -o "src/main.o" "../src/main.c"
Finished building: ../src/main.c
 
Building target: s32k144_KNU_Driving_ABS_Simulator.elf
Invoking: Standard S32DS C Linker
arm-none-eabi-gcc -o "s32k144_KNU_Driving_ABS_Simulator.elf" "@s32k144_KNU_Driving_ABS_Simulator.args"   
Finished building target: s32k144_KNU_Driving_ABS_Simulator.elf
 
Invoking: Standard S32DS Print Size
arm-none-eabi-size --format=berkeley s32k144_KNU_Driving_ABS_Simulator.elf
   text	   data	    bss	    dec	    hex	filename
   1588	      0	   3072	   4660	   1234	s32k144_KNU_Driving_ABS_Simulator.elf
Finished building: s32k144_KNU_Driving_ABS_Simulator.siz
 
07:37:18 **** Incremental Build of configuration Debug_FLASH for project s32k144_KNU_Driving_ABS_Simulator ****
make -j16 all 
Invoking: Standard S32DS Print Size
arm-none-eabi-size --format=berkeley s32k144_KNU_Driving_ABS_Simulator.elf
   text	   data	    bss	    dec	    hex	filename
   1588	      0	   3072	   4660	   1234	s32k144_KNU_Driving_ABS_Simulator.elf
Finished building: s32k144_KNU_Driving_ABS_Simulator.siz
 
07:37:41 **** Incremental Build of configuration Debug_FLASH for project s32k144_KNU_Driving_ABS_Simulator ****
make -j16 all 
Invoking: Standard S32DS Print Size
arm-none-eabi-size --format=berkeley s32k144_KNU_Driving_ABS_Simulator.elf
   text	   data	    bss	    dec	    hex	filename
   1588	      0	   3072	   4660	   1234	s32k144_KNU_Driving_ABS_Simulator.elf
Finished building: s32k144_KNU_Driving_ABS_Simulator.siz
 
07:38:26 **** Incremental Build of configuration Debug_FLASH for project s32k144_KNU_Driving_ABS_Simulator ****
make -j16 all 
Building file: ../src/main.c
Invoking: Standard S32DS C Compiler
arm-none-eabi-gcc "@src/main.args" -MMD -MP -MF"src/main.d" -MT"src/main.o" -o "src/main.o" "../src/main.c"
Finished building: ../src/main.c
 
Building target: s32k144_KNU_Driving_ABS_Simulator.elf
Invoking: Standard S32DS C Linker
arm-none-eabi-gcc -o "s32k144_KNU_Driving_ABS_Simulator.elf" "@s32k144_KNU_Driving_ABS_Simulator.args"   
Finished building target: s32k144_KNU_Driving_ABS_Simulator.elf
 
Invoking: Standard S32DS Print Size
arm-none-eabi-size --format=berkeley s32k144_KNU_Driving_ABS_Simulator.elf
   text	   data	    bss	    dec	    hex	filename
   1588	      0	   3072	   4660	   1234	s32k144_KNU_Driving_ABS_Simulator.elf
Finished building: s32k144_KNU_Driving_ABS_Simulator.siz
 
07:42:13 **** Incremental Build of configuration Debug_FLASH for project s32k144_KNU_Driving_ABS_Simulator ****
make -j16 all 
Building file: ../src/main.c
Invoking: Standard S32DS C Compiler
arm-none-eabi-gcc "@src/main.args" -MMD -MP -MF"src/main.d" -MT"src/main.o" -o "src/main.o" "../src/main.c"
../src/main.c: In function 'port_init':
../src/main.c:42:19: warning: binary constants are a GCC extension
  PORTD_PCR0 &= ~((0b111)<<PORT_PCR_MUX_SHIFT);
                   ^~~~~
../src/main.c:45:19: warning: binary constants are a GCC extension
  PORTD_PCR1 &= ~((0b111)<<PORT_PCR_MUX_SHIFT);
                   ^~~~~
../src/main.c:48:19: warning: binary constants are a GCC extension
  PORTD_PCR2 &= ~((0b111)<<PORT_PCR_MUX_SHIFT);
                   ^~~~~
../src/main.c:51:19: warning: binary constants are a GCC extension
  PORTD_PCR3 &= ~((0b111)<<PORT_PCR_MUX_SHIFT);
                   ^~~~~
../src/main.c:54:19: warning: binary constants are a GCC extension
  PORTD_PCR6 &= ~((0b111)<<PORT_PCR_MUX_SHIFT);
                   ^~~~~
../src/main.c:57:19: warning: binary constants are a GCC extension
  PORTE_PCR1 &= ~((0b111)<<PORT_PCR_MUX_SHIFT);
                   ^~~~~
../src/main.c:60:20: warning: binary constants are a GCC extension
  PORTE_PCR13 &= ~((0b111)<<PORT_PCR_MUX_SHIFT);
                    ^~~~~
../src/main.c:63:20: warning: binary constants are a GCC extension
  PORTE_PCR14 &= ~((0b111)<<PORT_PCR_MUX_SHIFT);
                    ^~~~~
../src/main.c:66:20: warning: binary constants are a GCC extension
  PORTE_PCR15 &= ~((0b111)<<PORT_PCR_MUX_SHIFT);
                    ^~~~~
../src/main.c:69:20: warning: binary constants are a GCC extension
  PORTE_PCR16 &= ~((0b111)<<PORT_PCR_MUX_SHIFT);
                    ^~~~~
Finished building: ../src/main.c
 
Building target: s32k144_KNU_Driving_ABS_Simulator.elf
Invoking: Standard S32DS C Linker
arm-none-eabi-gcc -o "s32k144_KNU_Driving_ABS_Simulator.elf" "@s32k144_KNU_Driving_ABS_Simulator.args"   
Finished building target: s32k144_KNU_Driving_ABS_Simulator.elf
 
Invoking: Standard S32DS Print Size
arm-none-eabi-size --format=berkeley s32k144_KNU_Driving_ABS_Simulator.elf
   text	   data	    bss	    dec	    hex	filename
   1796	      0	   3072	   4868	   1304	s32k144_KNU_Driving_ABS_Simulator.elf
Finished building: s32k144_KNU_Driving_ABS_Simulator.siz
 
07:42:17 **** Incremental Build of configuration Debug_FLASH for project s32k144_KNU_Driving_ABS_Simulator ****
make -j16 all 
Invoking: Standard S32DS Print Size
arm-none-eabi-size --format=berkeley s32k144_KNU_Driving_ABS_Simulator.elf
   text	   data	    bss	    dec	    hex	filename
   1796	      0	   3072	   4868	   1304	s32k144_KNU_Driving_ABS_Simulator.elf
Finished building: s32k144_KNU_Driving_ABS_Simulator.siz
 
07:50:47 **** Incremental Build of configuration Debug_FLASH for project s32k144_KNU_Driving_ABS_Simulator ****
make -j16 all 
Building file: ../src/main.c
Invoking: Standard S32DS C Compiler
arm-none-eabi-gcc "@src/main.args" -MMD -MP -MF"src/main.d" -MT"src/main.o" -o "src/main.o" "../src/main.c"
Finished building: ../src/main.c
 
Building target: s32k144_KNU_Driving_ABS_Simulator.elf
Invoking: Standard S32DS C Linker
arm-none-eabi-gcc -o "s32k144_KNU_Driving_ABS_Simulator.elf" "@s32k144_KNU_Driving_ABS_Simulator.args"   
Finished building target: s32k144_KNU_Driving_ABS_Simulator.elf
 
Invoking: Standard S32DS Print Size
arm-none-eabi-size --format=berkeley s32k144_KNU_Driving_ABS_Simulator.elf
   text	   data	    bss	    dec	    hex	filename
   1620	      0	   3072	   4692	   1254	s32k144_KNU_Driving_ABS_Simulator.elf
Finished building: s32k144_KNU_Driving_ABS_Simulator.siz
 
07:50:50 **** Incremental Build of configuration Debug_FLASH for project s32k144_KNU_Driving_ABS_Simulator ****
make -j16 all 
Invoking: Standard S32DS Print Size
arm-none-eabi-size --format=berkeley s32k144_KNU_Driving_ABS_Simulator.elf
   text	   data	    bss	    dec	    hex	filename
   1620	      0	   3072	   4692	   1254	s32k144_KNU_Driving_ABS_Simulator.elf
Finished building: s32k144_KNU_Driving_ABS_Simulator.siz
 
07:52:01 **** Incremental Build of configuration Debug_FLASH for project s32k144_KNU_Driving_ABS_Simulator ****
make -j16 all 
Invoking: Standard S32DS Print Size
arm-none-eabi-size --format=berkeley s32k144_KNU_Driving_ABS_Simulator.elf
   text	   data	    bss	    dec	    hex	filename
   1620	      0	   3072	   4692	   1254	s32k144_KNU_Driving_ABS_Simulator.elf
Finished building: s32k144_KNU_Driving_ABS_Simulator.siz
 
07:53:34 **** Incremental Build of configuration Debug_FLASH for project s32k144_KNU_Driving_ABS_Simulator ****
make -j16 all 
Building file: ../src/main.c
Invoking: Standard S32DS C Compiler
arm-none-eabi-gcc "@src/main.args" -MMD -MP -MF"src/main.d" -MT"src/main.o" -o "src/main.o" "../src/main.c"
Finished building: ../src/main.c
 
Building target: s32k144_KNU_Driving_ABS_Simulator.elf
Invoking: Standard S32DS C Linker
arm-none-eabi-gcc -o "s32k144_KNU_Driving_ABS_Simulator.elf" "@s32k144_KNU_Driving_ABS_Simulator.args"   
Finished building target: s32k144_KNU_Driving_ABS_Simulator.elf
 
Invoking: Standard S32DS Print Size
arm-none-eabi-size --format=berkeley s32k144_KNU_Driving_ABS_Simulator.elf
   text	   data	    bss	    dec	    hex	filename
   1620	      0	   3072	   4692	   1254	s32k144_KNU_Driving_ABS_Simulator.elf
Finished building: s32k144_KNU_Driving_ABS_Simulator.siz
 
07:53:37 **** Incremental Build of configuration Debug_FLASH for project s32k144_KNU_Driving_ABS_Simulator ****
make -j16 all 
Invoking: Standard S32DS Print Size
arm-none-eabi-size --format=berkeley s32k144_KNU_Driving_ABS_Simulator.elf
   text	   data	    bss	    dec	    hex	filename
   1620	      0	   3072	   4692	   1254	s32k144_KNU_Driving_ABS_Simulator.elf
Finished building: s32k144_KNU_Driving_ABS_Simulator.siz
 
07:55:49 **** Incremental Build of configuration Debug_FLASH for project s32k144_KNU_Driving_ABS_Simulator ****
make -j16 all 
Building file: ../src/main.c
Invoking: Standard S32DS C Compiler
arm-none-eabi-gcc "@src/main.args" -MMD -MP -MF"src/main.d" -MT"src/main.o" -o "src/main.o" "../src/main.c"
Finished building: ../src/main.c
 
Building target: s32k144_KNU_Driving_ABS_Simulator.elf
Invoking: Standard S32DS C Linker
arm-none-eabi-gcc -o "s32k144_KNU_Driving_ABS_Simulator.elf" "@s32k144_KNU_Driving_ABS_Simulator.args"   
Finished building target: s32k144_KNU_Driving_ABS_Simulator.elf
 
Invoking: Standard S32DS Print Size
arm-none-eabi-size --format=berkeley s32k144_KNU_Driving_ABS_Simulator.elf
   text	   data	    bss	    dec	    hex	filename
   1580	      0	   3072	   4652	   122c	s32k144_KNU_Driving_ABS_Simulator.elf
Finished building: s32k144_KNU_Driving_ABS_Simulator.siz
 
07:56:16 **** Incremental Build of configuration Debug_FLASH for project s32k144_KNU_Driving_ABS_Simulator ****
make -j16 all 
Building file: ../src/main.c
Invoking: Standard S32DS C Compiler
arm-none-eabi-gcc "@src/main.args" -MMD -MP -MF"src/main.d" -MT"src/main.o" -o "src/main.o" "../src/main.c"
Finished building: ../src/main.c
 
Building target: s32k144_KNU_Driving_ABS_Simulator.elf
Invoking: Standard S32DS C Linker
arm-none-eabi-gcc -o "s32k144_KNU_Driving_ABS_Simulator.elf" "@s32k144_KNU_Driving_ABS_Simulator.args"   
Finished building target: s32k144_KNU_Driving_ABS_Simulator.elf
 
Invoking: Standard S32DS Print Size
arm-none-eabi-size --format=berkeley s32k144_KNU_Driving_ABS_Simulator.elf
   text	   data	    bss	    dec	    hex	filename
   1620	      0	   3072	   4692	   1254	s32k144_KNU_Driving_ABS_Simulator.elf
Finished building: s32k144_KNU_Driving_ABS_Simulator.siz
 
07:57:16 **** Incremental Build of configuration Debug_FLASH for project s32k144_KNU_Driving_ABS_Simulator ****
make -j16 all 
Invoking: Standard S32DS Print Size
arm-none-eabi-size --format=berkeley s32k144_KNU_Driving_ABS_Simulator.elf
   text	   data	    bss	    dec	    hex	filename
   1620	      0	   3072	   4692	   1254	s32k144_KNU_Driving_ABS_Simulator.elf
Finished building: s32k144_KNU_Driving_ABS_Simulator.siz
 
08:00:50 **** Incremental Build of configuration Debug_FLASH for project s32k144_KNU_Driving_ABS_Simulator ****
make -j16 all 
Building file: ../src/main.c
Invoking: Standard S32DS C Compiler
arm-none-eabi-gcc "@src/main.args" -MMD -MP -MF"src/main.d" -MT"src/main.o" -o "src/main.o" "../src/main.c"
Finished building: ../src/main.c
 
Building target: s32k144_KNU_Driving_ABS_Simulator.elf
Invoking: Standard S32DS C Linker
arm-none-eabi-gcc -o "s32k144_KNU_Driving_ABS_Simulator.elf" "@s32k144_KNU_Driving_ABS_Simulator.args"   
Finished building target: s32k144_KNU_Driving_ABS_Simulator.elf
 
Invoking: Standard S32DS Print Size
arm-none-eabi-size --format=berkeley s32k144_KNU_Driving_ABS_Simulator.elf
   text	   data	    bss	    dec	    hex	filename
   1620	      0	   3072	   4692	   1254	s32k144_KNU_Driving_ABS_Simulator.elf
Finished building: s32k144_KNU_Driving_ABS_Simulator.siz
 
08:03:08 **** Incremental Build of configuration Debug_FLASH for project s32k144_KNU_Driving_ABS_Simulator ****
make -j16 all 
Building file: ../src/main.c
Invoking: Standard S32DS C Compiler
arm-none-eabi-gcc "@src/main.args" -MMD -MP -MF"src/main.d" -MT"src/main.o" -o "src/main.o" "../src/main.c"
Finished building: ../src/main.c
 
Building target: s32k144_KNU_Driving_ABS_Simulator.elf
Invoking: Standard S32DS C Linker
arm-none-eabi-gcc -o "s32k144_KNU_Driving_ABS_Simulator.elf" "@s32k144_KNU_Driving_ABS_Simulator.args"   
Finished building target: s32k144_KNU_Driving_ABS_Simulator.elf
 
Invoking: Standard S32DS Print Size
arm-none-eabi-size --format=berkeley s32k144_KNU_Driving_ABS_Simulator.elf
   text	   data	    bss	    dec	    hex	filename
   1620	      0	   3072	   4692	   1254	s32k144_KNU_Driving_ABS_Simulator.elf
Finished building: s32k144_KNU_Driving_ABS_Simulator.siz
 
08:03:11 **** Incremental Build of configuration Debug_FLASH for project s32k144_KNU_Driving_ABS_Simulator ****
make -j16 all 
Invoking: Standard S32DS Print Size
arm-none-eabi-size --format=berkeley s32k144_KNU_Driving_ABS_Simulator.elf
   text	   data	    bss	    dec	    hex	filename
   1620	      0	   3072	   4692	   1254	s32k144_KNU_Driving_ABS_Simulator.elf
Finished building: s32k144_KNU_Driving_ABS_Simulator.siz
 
08:05:15 **** Incremental Build of configuration Debug_FLASH for project s32k144_KNU_Driving_ABS_Simulator ****
make -j16 all 
Invoking: Standard S32DS Print Size
arm-none-eabi-size --format=berkeley s32k144_KNU_Driving_ABS_Simulator.elf
   text	   data	    bss	    dec	    hex	filename
   1620	      0	   3072	   4692	   1254	s32k144_KNU_Driving_ABS_Simulator.elf
Finished building: s32k144_KNU_Driving_ABS_Simulator.siz
 
08:06:02 **** Incremental Build of configuration Debug_FLASH for project s32k144_KNU_Driving_ABS_Simulator ****
make -j16 all 
Invoking: Standard S32DS Print Size
arm-none-eabi-size --format=berkeley s32k144_KNU_Driving_ABS_Simulator.elf
   text	   data	    bss	    dec	    hex	filename
   1620	      0	   3072	   4692	   1254	s32k144_KNU_Driving_ABS_Simulator.elf
Finished building: s32k144_KNU_Driving_ABS_Simulator.siz
 
08:10:35 **** Incremental Build of configuration Debug_FLASH for project s32k144_KNU_Driving_ABS_Simulator ****
make -j16 all 
Invoking: Standard S32DS Print Size
arm-none-eabi-size --format=berkeley s32k144_KNU_Driving_ABS_Simulator.elf
   text	   data	    bss	    dec	    hex	filename
   1620	      0	   3072	   4692	   1254	s32k144_KNU_Driving_ABS_Simulator.elf
Finished building: s32k144_KNU_Driving_ABS_Simulator.siz
 
08:18:47 **** Incremental Build of configuration Debug_FLASH for project s32k144_KNU_Driving_ABS_Simulator ****
make -j16 all 
Invoking: Standard S32DS Print Size
arm-none-eabi-size --format=berkeley s32k144_KNU_Driving_ABS_Simulator.elf
   text	   data	    bss	    dec	    hex	filename
   1620	      0	   3072	   4692	   1254	s32k144_KNU_Driving_ABS_Simulator.elf
Finished building: s32k144_KNU_Driving_ABS_Simulator.siz
 
08:33:31 **** Incremental Build of configuration Debug_FLASH for project s32k144_KNU_Driving_ABS_Simulator ****
make -j16 all 
Building file: ../src/main.c
Invoking: Standard S32DS C Compiler
arm-none-eabi-gcc "@src/main.args" -MMD -MP -MF"src/main.d" -MT"src/main.o" -o "src/main.o" "../src/main.c"
Finished building: ../src/main.c
 
Building target: s32k144_KNU_Driving_ABS_Simulator.elf
Invoking: Standard S32DS C Linker
arm-none-eabi-gcc -o "s32k144_KNU_Driving_ABS_Simulator.elf" "@s32k144_KNU_Driving_ABS_Simulator.args"   
Finished building target: s32k144_KNU_Driving_ABS_Simulator.elf
 
Invoking: Standard S32DS Print Size
arm-none-eabi-size --format=berkeley s32k144_KNU_Driving_ABS_Simulator.elf
   text	   data	    bss	    dec	    hex	filename
   1620	      0	   3072	   4692	   1254	s32k144_KNU_Driving_ABS_Simulator.elf
Finished building: s32k144_KNU_Driving_ABS_Simulator.siz
 
08:33:33 **** Incremental Build of configuration Debug_FLASH for project s32k144_KNU_Driving_ABS_Simulator ****
make -j16 all 
Invoking: Standard S32DS Print Size
arm-none-eabi-size --format=berkeley s32k144_KNU_Driving_ABS_Simulator.elf
   text	   data	    bss	    dec	    hex	filename
   1620	      0	   3072	   4692	   1254	s32k144_KNU_Driving_ABS_Simulator.elf
Finished building: s32k144_KNU_Driving_ABS_Simulator.siz
 
08:36:38 **** Incremental Build of configuration Debug_FLASH for project s32k144_KNU_Driving_ABS_Simulator ****
make -j16 all 
Invoking: Standard S32DS Print Size
arm-none-eabi-size --format=berkeley s32k144_KNU_Driving_ABS_Simulator.elf
   text	   data	    bss	    dec	    hex	filename
   1620	      0	   3072	   4692	   1254	s32k144_KNU_Driving_ABS_Simulator.elf
Finished building: s32k144_KNU_Driving_ABS_Simulator.siz
 
08:37:48 **** Incremental Build of configuration Debug_FLASH for project s32k144_KNU_Driving_ABS_Simulator ****
make -j16 all 
Building file: ../src/main.c
Invoking: Standard S32DS C Compiler
arm-none-eabi-gcc "@src/main.args" -MMD -MP -MF"src/main.d" -MT"src/main.o" -o "src/main.o" "../src/main.c"
Finished building: ../src/main.c
 
Building target: s32k144_KNU_Driving_ABS_Simulator.elf
Invoking: Standard S32DS C Linker
arm-none-eabi-gcc -o "s32k144_KNU_Driving_ABS_Simulator.elf" "@s32k144_KNU_Driving_ABS_Simulator.args"   
Finished building target: s32k144_KNU_Driving_ABS_Simulator.elf
 
Invoking: Standard S32DS Print Size
arm-none-eabi-size --format=berkeley s32k144_KNU_Driving_ABS_Simulator.elf
   text	   data	    bss	    dec	    hex	filename
   1556	      0	   3072	   4628	   1214	s32k144_KNU_Driving_ABS_Simulator.elf
Finished building: s32k144_KNU_Driving_ABS_Simulator.siz
 
08:38:45 **** Incremental Build of configuration Debug_FLASH for project s32k144_KNU_Driving_ABS_Simulator ****
make -j16 all 
Building file: ../src/main.c
Invoking: Standard S32DS C Compiler
arm-none-eabi-gcc "@src/main.args" -MMD -MP -MF"src/main.d" -MT"src/main.o" -o "src/main.o" "../src/main.c"
Finished building: ../src/main.c
 
Building target: s32k144_KNU_Driving_ABS_Simulator.elf
Invoking: Standard S32DS C Linker
arm-none-eabi-gcc -o "s32k144_KNU_Driving_ABS_Simulator.elf" "@s32k144_KNU_Driving_ABS_Simulator.args"   
Finished building target: s32k144_KNU_Driving_ABS_Simulator.elf
 
Invoking: Standard S32DS Print Size
arm-none-eabi-size --format=berkeley s32k144_KNU_Driving_ABS_Simulator.elf
   text	   data	    bss	    dec	    hex	filename
   1620	      0	   3072	   4692	   1254	s32k144_KNU_Driving_ABS_Simulator.elf
Finished building: s32k144_KNU_Driving_ABS_Simulator.siz
 
08:41:09 **** Incremental Build of configuration Debug_FLASH for project s32k144_KNU_Driving_ABS_Simulator ****
make -j16 all 
Building file: ../src/main.c
Invoking: Standard S32DS C Compiler
arm-none-eabi-gcc "@src/main.args" -MMD -MP -MF"src/main.d" -MT"src/main.o" -o "src/main.o" "../src/main.c"
Finished building: ../src/main.c
 
Building target: s32k144_KNU_Driving_ABS_Simulator.elf
Invoking: Standard S32DS C Linker
arm-none-eabi-gcc -o "s32k144_KNU_Driving_ABS_Simulator.elf" "@s32k144_KNU_Driving_ABS_Simulator.args"   
Finished building target: s32k144_KNU_Driving_ABS_Simulator.elf
 
Invoking: Standard S32DS Print Size
arm-none-eabi-size --format=berkeley s32k144_KNU_Driving_ABS_Simulator.elf
   text	   data	    bss	    dec	    hex	filename
   1620	      0	   3072	   4692	   1254	s32k144_KNU_Driving_ABS_Simulator.elf
Finished building: s32k144_KNU_Driving_ABS_Simulator.siz
 
08:41:17 **** Incremental Build of configuration Debug_FLASH for project s32k144_KNU_Driving_ABS_Simulator ****
make -j16 all 
Invoking: Standard S32DS Print Size
arm-none-eabi-size --format=berkeley s32k144_KNU_Driving_ABS_Simulator.elf
   text	   data	    bss	    dec	    hex	filename
   1620	      0	   3072	   4692	   1254	s32k144_KNU_Driving_ABS_Simulator.elf
Finished building: s32k144_KNU_Driving_ABS_Simulator.siz
 
08:41:51 **** Incremental Build of configuration Debug_FLASH for project s32k144_KNU_Driving_ABS_Simulator ****
make -j16 all 
Building file: ../src/main.c
Invoking: Standard S32DS C Compiler
arm-none-eabi-gcc "@src/main.args" -MMD -MP -MF"src/main.d" -MT"src/main.o" -o "src/main.o" "../src/main.c"
Finished building: ../src/main.c
 
Building target: s32k144_KNU_Driving_ABS_Simulator.elf
Invoking: Standard S32DS C Linker
arm-none-eabi-gcc -o "s32k144_KNU_Driving_ABS_Simulator.elf" "@s32k144_KNU_Driving_ABS_Simulator.args"   
Finished building target: s32k144_KNU_Driving_ABS_Simulator.elf
 
Invoking: Standard S32DS Print Size
arm-none-eabi-size --format=berkeley s32k144_KNU_Driving_ABS_Simulator.elf
   text	   data	    bss	    dec	    hex	filename
   1620	      0	   3072	   4692	   1254	s32k144_KNU_Driving_ABS_Simulator.elf
Finished building: s32k144_KNU_Driving_ABS_Simulator.siz
 
08:43:00 **** Incremental Build of configuration Debug_FLASH for project s32k144_KNU_Driving_ABS_Simulator ****
make -j16 all 
Invoking: Standard S32DS Print Size
arm-none-eabi-size --format=berkeley s32k144_KNU_Driving_ABS_Simulator.elf
   text	   data	    bss	    dec	    hex	filename
   1620	      0	   3072	   4692	   1254	s32k144_KNU_Driving_ABS_Simulator.elf
Finished building: s32k144_KNU_Driving_ABS_Simulator.siz
 
08:44:20 **** Incremental Build of configuration Debug_FLASH for project s32k144_KNU_Driving_ABS_Simulator ****
make -j16 all 
Building file: ../src/main.c
Invoking: Standard S32DS C Compiler
arm-none-eabi-gcc "@src/main.args" -MMD -MP -MF"src/main.d" -MT"src/main.o" -o "src/main.o" "../src/main.c"
Finished building: ../src/main.c
 
Building target: s32k144_KNU_Driving_ABS_Simulator.elf
Invoking: Standard S32DS C Linker
arm-none-eabi-gcc -o "s32k144_KNU_Driving_ABS_Simulator.elf" "@s32k144_KNU_Driving_ABS_Simulator.args"   
Finished building target: s32k144_KNU_Driving_ABS_Simulator.elf
 
Invoking: Standard S32DS Print Size
arm-none-eabi-size --format=berkeley s32k144_KNU_Driving_ABS_Simulator.elf
   text	   data	    bss	    dec	    hex	filename
   1620	      0	   3072	   4692	   1254	s32k144_KNU_Driving_ABS_Simulator.elf
Finished building: s32k144_KNU_Driving_ABS_Simulator.siz
 
08:46:13 **** Incremental Build of configuration Debug_FLASH for project s32k144_KNU_Driving_ABS_Simulator ****
make -j16 all 
Building file: ../src/main.c
Invoking: Standard S32DS C Compiler
arm-none-eabi-gcc "@src/main.args" -MMD -MP -MF"src/main.d" -MT"src/main.o" -o "src/main.o" "../src/main.c"
Finished building: ../src/main.c
 
Building target: s32k144_KNU_Driving_ABS_Simulator.elf
Invoking: Standard S32DS C Linker
arm-none-eabi-gcc -o "s32k144_KNU_Driving_ABS_Simulator.elf" "@s32k144_KNU_Driving_ABS_Simulator.args"   
Finished building target: s32k144_KNU_Driving_ABS_Simulator.elf
 
Invoking: Standard S32DS Print Size
arm-none-eabi-size --format=berkeley s32k144_KNU_Driving_ABS_Simulator.elf
   text	   data	    bss	    dec	    hex	filename
   1620	      0	   3072	   4692	   1254	s32k144_KNU_Driving_ABS_Simulator.elf
Finished building: s32k144_KNU_Driving_ABS_Simulator.siz
 
08:53:28 **** Incremental Build of configuration Debug_FLASH for project s32k144_KNU_Driving_ABS_Simulator ****
make -j16 all 
Building file: ../src/main.c
Invoking: Standard S32DS C Compiler
arm-none-eabi-gcc "@src/main.args" -MMD -MP -MF"src/main.d" -MT"src/main.o" -o "src/main.o" "../src/main.c"
Finished building: ../src/main.c
 
Building target: s32k144_KNU_Driving_ABS_Simulator.elf
Invoking: Standard S32DS C Linker
arm-none-eabi-gcc -o "s32k144_KNU_Driving_ABS_Simulator.elf" "@s32k144_KNU_Driving_ABS_Simulator.args"   
Finished building target: s32k144_KNU_Driving_ABS_Simulator.elf
 
Invoking: Standard S32DS Print Size
arm-none-eabi-size --format=berkeley s32k144_KNU_Driving_ABS_Simulator.elf
   text	   data	    bss	    dec	    hex	filename
   1620	      0	   3072	   4692	   1254	s32k144_KNU_Driving_ABS_Simulator.elf
Finished building: s32k144_KNU_Driving_ABS_Simulator.siz
 
08:54:49 **** Incremental Build of configuration Debug_FLASH for project s32k144_KNU_Driving_ABS_Simulator ****
make -j16 all 
Building file: ../src/main.c
Invoking: Standard S32DS C Compiler
arm-none-eabi-gcc "@src/main.args" -MMD -MP -MF"src/main.d" -MT"src/main.o" -o "src/main.o" "../src/main.c"
Finished building: ../src/main.c
 
Building target: s32k144_KNU_Driving_ABS_Simulator.elf
Invoking: Standard S32DS C Linker
arm-none-eabi-gcc -o "s32k144_KNU_Driving_ABS_Simulator.elf" "@s32k144_KNU_Driving_ABS_Simulator.args"   
Finished building target: s32k144_KNU_Driving_ABS_Simulator.elf
 
Invoking: Standard S32DS Print Size
arm-none-eabi-size --format=berkeley s32k144_KNU_Driving_ABS_Simulator.elf
   text	   data	    bss	    dec	    hex	filename
   1620	      0	   3072	   4692	   1254	s32k144_KNU_Driving_ABS_Simulator.elf
Finished building: s32k144_KNU_Driving_ABS_Simulator.siz
 
08:55:34 **** Incremental Build of configuration Debug_FLASH for project s32k144_KNU_Driving_ABS_Simulator ****
make -j16 all 
Building file: ../src/main.c
Invoking: Standard S32DS C Compiler
arm-none-eabi-gcc "@src/main.args" -MMD -MP -MF"src/main.d" -MT"src/main.o" -o "src/main.o" "../src/main.c"
Finished building: ../src/main.c
 
Building target: s32k144_KNU_Driving_ABS_Simulator.elf
Invoking: Standard S32DS C Linker
arm-none-eabi-gcc -o "s32k144_KNU_Driving_ABS_Simulator.elf" "@s32k144_KNU_Driving_ABS_Simulator.args"   
Finished building target: s32k144_KNU_Driving_ABS_Simulator.elf
 
Invoking: Standard S32DS Print Size
arm-none-eabi-size --format=berkeley s32k144_KNU_Driving_ABS_Simulator.elf
   text	   data	    bss	    dec	    hex	filename
   1620	      0	   3072	   4692	   1254	s32k144_KNU_Driving_ABS_Simulator.elf
Finished building: s32k144_KNU_Driving_ABS_Simulator.siz
 
09:02:25 **** Incremental Build of configuration Debug_FLASH for project s32k144_KNU_Driving_ABS_Simulator ****
make -j16 all 
Building file: ../src/main.c
Invoking: Standard S32DS C Compiler
arm-none-eabi-gcc "@src/main.args" -MMD -MP -MF"src/main.d" -MT"src/main.o" -o "src/main.o" "../src/main.c"
Finished building: ../src/main.c
 
Building target: s32k144_KNU_Driving_ABS_Simulator.elf
Invoking: Standard S32DS C Linker
arm-none-eabi-gcc -o "s32k144_KNU_Driving_ABS_Simulator.elf" "@s32k144_KNU_Driving_ABS_Simulator.args"   
Finished building target: s32k144_KNU_Driving_ABS_Simulator.elf
 
Invoking: Standard S32DS Print Size
arm-none-eabi-size --format=berkeley s32k144_KNU_Driving_ABS_Simulator.elf
   text	   data	    bss	    dec	    hex	filename
   1620	      0	   3072	   4692	   1254	s32k144_KNU_Driving_ABS_Simulator.elf
Finished building: s32k144_KNU_Driving_ABS_Simulator.siz
 
