(14:01:26.997) INFO: [TadState] TAD state init (NONE)
(14:24:23.724) INFO: [TadModel] DSF session ID 0 has started
(14:24:27.292) INFO: [TadState] TAD state changed from DEBUG_STARTED to DEBUG_INIT_0 (Suspended, USER_REQUEST)
(14:24:29.979) INFO: [TadState] TAD state changed from DEBUG_INIT_0 to DEBUG_INIT_1 (Resumed, USER_REQUEST)
(14:24:30.008) INFO: [TadState] TAD state changed from DEBUG_INIT_1 to DEBUG_SUSPENDED (Suspended, BREAKPOINT)
(14:24:33.037) INFO: [TadState] TAD state changed from DEBUG_SUSPENDED to DEBUG_RESUMED (Resumed, USER_REQUEST)
(14:28:49.970) INFO: [TadModel] DSF session ID 1 has started
(14:28:52.799) INFO: [TadState] TAD state changed from DEBUG_STARTED to DEBUG_INIT_0 (Suspended, USER_REQUEST)
(14:28:55.503) INFO: [TadState] TAD state changed from DEBUG_INIT_0 to DEBUG_INIT_1 (Resumed, USER_REQUEST)
(14:28:55.534) INFO: [TadState] TAD state changed from DEBUG_INIT_1 to DEBUG_SUSPENDED (Suspended, BREAKPOINT)
(14:28:56.769) INFO: [TadState] TAD state changed from DEBUG_SUSPENDED to DEBUG_RESUMED (Resumed, USER_REQUEST)
(14:29:15.829) INFO: [TadModel] DSF session ID 2 has started
(14:29:18.649) INFO: [TadState] TAD state changed from DEBUG_STARTED to DEBUG_INIT_0 (Suspended, USER_REQUEST)
(14:29:21.336) INFO: [TadState] TAD state changed from DEBUG_INIT_0 to DEBUG_INIT_1 (Resumed, USER_REQUEST)
(14:29:21.366) INFO: [TadState] TAD state changed from DEBUG_INIT_1 to DEBUG_SUSPENDED (Suspended, BREAKPOINT)
(14:29:23.309) INFO: [TadState] TAD state changed from DEBUG_SUSPENDED to DEBUG_RESUMED (Resumed, USER_REQUEST)
(14:30:53.577) INFO: [TadModel] DSF session ID 3 has started
(14:30:56.919) INFO: [TadState] TAD state changed from DEBUG_STARTED to DEBUG_INIT_0 (Suspended, USER_REQUEST)
(14:30:58.898) INFO: [TadState] TAD state changed from DEBUG_INIT_0 to DEBUG_INIT_1 (Resumed, USER_REQUEST)
(14:30:58.929) INFO: [TadState] TAD state changed from DEBUG_INIT_1 to DEBUG_SUSPENDED (Suspended, BREAKPOINT)
(14:30:59.875) INFO: [TadState] TAD state changed from DEBUG_SUSPENDED to DEBUG_RESUMED (Resumed, USER_REQUEST)
(15:17:12.404) INFO: [TadModel] DSF session ID 4 has started
(15:17:15.525) INFO: [TadState] TAD state changed from DEBUG_STARTED to DEBUG_INIT_0 (Suspended, USER_REQUEST)
(15:17:18.194) INFO: [TadState] TAD state changed from DEBUG_INIT_0 to DEBUG_INIT_1 (Resumed, USER_REQUEST)
(15:17:18.225) INFO: [TadState] TAD state changed from DEBUG_INIT_1 to DEBUG_SUSPENDED (Suspended, BREAKPOINT)
(15:17:23.498) INFO: [TadState] TAD state changed from DEBUG_SUSPENDED to DEBUG_RESUMED (Resumed, USER_REQUEST)
(15:18:57.541) INFO: [TadState] TAD state changed from DEBUG_RESUMED to READY (Suspended, SIGNAL)
(15:18:58.064) ReadingException: com.freescale.mqx.gdb.tad.model.globalstatus.TadGlobalStatusFactory.isMqxDataValid() at 60.line "readLongVariableSafely(_mqx_kernel_data)"
(15:18:58.065) ERROR: [TadGlobalStatusFactory] Kernel Data NOT valid (pointer: 0x0000)
(15:18:58.065) ERROR: [TadGlobalStatusFactory] MQX data not valid!
(15:18:58.065) INFO: [TadModel$3] Loading of TAD Global Status took 515 ms
(15:18:58.065) INFO: [TadGlobalStatusController] TAD global status data is ready!
(15:18:59.672) INFO: [TadModel] DSF session ID 4 has ended
(15:19:02.368) INFO: [TadModel] DSF session ID 5 has started
(15:19:06.282) INFO: [TadState] TAD state changed from DEBUG_STARTED to DEBUG_INIT_0 (Suspended, USER_REQUEST)
(15:19:06.522) INFO: [TadModel] DSF session ID 6 has started
(15:19:09.006) INFO: [TadState] TAD state changed from DEBUG_STARTED to DEBUG_INIT_0 (Resumed, USER_REQUEST)
(15:19:09.036) INFO: [TadState] TAD state changed from DEBUG_INIT_0 to DEBUG_INIT_1 (Suspended, BREAKPOINT)
(15:19:09.498) INFO: [TadModel] DSF session ID 6 has ended
(15:19:11.662) INFO: [TadState] TAD state changed from NONE to DEBUG_INIT_0 (Resumed, USER_REQUEST)
(15:35:50.919) INFO: [TadState] TAD state changed from DEBUG_INIT_0 to DEBUG_INIT_1 (Suspended, SIGNAL)
(15:35:53.030) INFO: [TadModel] DSF session ID 5 has ended
(15:45:26.291) INFO: [TadModel] DSF session ID 7 has started
(15:45:29.098) INFO: [TadState] TAD state changed from DEBUG_STARTED to DEBUG_INIT_0 (Suspended, USER_REQUEST)
(15:45:31.798) INFO: [TadState] TAD state changed from DEBUG_INIT_0 to DEBUG_INIT_1 (Resumed, USER_REQUEST)
(15:45:31.836) INFO: [TadState] TAD state changed from DEBUG_INIT_1 to DEBUG_SUSPENDED (Suspended, BREAKPOINT)
(15:45:33.698) INFO: [TadState] TAD state changed from DEBUG_SUSPENDED to DEBUG_RESUMED (Resumed, USER_REQUEST)
(15:46:52.159) INFO: [TadState] TAD state changed from DEBUG_RESUMED to READY (Suspended, SIGNAL)
(15:46:52.667) ReadingException: com.freescale.mqx.gdb.tad.model.globalstatus.TadGlobalStatusFactory.isMqxDataValid() at 60.line "readLongVariableSafely(_mqx_kernel_data)"
(15:46:52.667) ERROR: [TadGlobalStatusFactory] Kernel Data NOT valid (pointer: 0x0000)
(15:46:52.667) ERROR: [TadGlobalStatusFactory] MQX data not valid!
(15:46:52.667) INFO: [TadModel$3] Loading of TAD Global Status took 503 ms
(15:46:52.668) INFO: [TadGlobalStatusController] TAD global status data is ready!
(15:46:54.252) INFO: [TadModel] DSF session ID 7 has ended
(15:46:56.798) INFO: [TadModel] DSF session ID 8 has started
(15:46:59.606) INFO: [TadState] TAD state changed from DEBUG_STARTED to DEBUG_INIT_0 (Suspended, USER_REQUEST)
(15:47:02.284) INFO: [TadState] TAD state changed from DEBUG_INIT_0 to DEBUG_INIT_1 (Resumed, USER_REQUEST)
(15:47:02.313) INFO: [TadState] TAD state changed from DEBUG_INIT_1 to DEBUG_SUSPENDED (Suspended, BREAKPOINT)
(15:47:04.977) INFO: [TadState] TAD state changed from DEBUG_SUSPENDED to DEBUG_RESUMED (Resumed, USER_REQUEST)
(15:47:18.640) INFO: [TadState] TAD state changed from DEBUG_RESUMED to READY (Suspended, SIGNAL)
(15:47:19.155) ReadingException: com.freescale.mqx.gdb.tad.model.globalstatus.TadGlobalStatusFactory.isMqxDataValid() at 60.line "readLongVariableSafely(_mqx_kernel_data)"
(15:47:19.156) ERROR: [TadGlobalStatusFactory] Kernel Data NOT valid (pointer: 0x0000)
(15:47:19.156) ERROR: [TadGlobalStatusFactory] MQX data not valid!
(15:47:19.156) INFO: [TadModel$3] Loading of TAD Global Status took 512 ms
(15:47:19.157) INFO: [TadGlobalStatusController] TAD global status data is ready!
(15:47:20.767) INFO: [TadModel] DSF session ID 8 has ended
(15:47:24.263) INFO: [TadModel] DSF session ID 9 has started
(15:47:27.440) INFO: [TadState] TAD state changed from DEBUG_STARTED to DEBUG_INIT_0 (Suspended, USER_REQUEST)
(15:47:30.141) INFO: [TadState] TAD state changed from DEBUG_INIT_0 to DEBUG_INIT_1 (Resumed, USER_REQUEST)
(15:47:30.172) INFO: [TadState] TAD state changed from DEBUG_INIT_1 to DEBUG_SUSPENDED (Suspended, BREAKPOINT)
(15:47:31.196) INFO: [TadState] TAD state changed from DEBUG_SUSPENDED to DEBUG_RESUMED (Resumed, USER_REQUEST)
(15:54:26.802) INFO: [TadState] TAD state changed from DEBUG_RESUMED to READY (Suspended, SIGNAL)
(15:54:27.321) ReadingException: com.freescale.mqx.gdb.tad.model.globalstatus.TadGlobalStatusFactory.isMqxDataValid() at 60.line "readLongVariableSafely(_mqx_kernel_data)"
(15:54:27.321) ERROR: [TadGlobalStatusFactory] Kernel Data NOT valid (pointer: 0x0000)
(15:54:27.321) ERROR: [TadGlobalStatusFactory] MQX data not valid!
(15:54:27.322) INFO: [TadModel$3] Loading of TAD Global Status took 515 ms
(15:54:27.322) INFO: [TadGlobalStatusController] TAD global status data is ready!
(15:54:28.945) INFO: [TadModel] DSF session ID 9 has ended
(15:54:40.701) INFO: [TadModel] DSF session ID 10 has started
(15:54:44.765) INFO: [TadState] TAD state changed from DEBUG_STARTED to DEBUG_INIT_0 (Suspended, USER_REQUEST)
(15:54:47.448) INFO: [TadState] TAD state changed from DEBUG_INIT_0 to DEBUG_INIT_1 (Resumed, USER_REQUEST)
(15:54:47.478) INFO: [TadState] TAD state changed from DEBUG_INIT_1 to DEBUG_SUSPENDED (Suspended, BREAKPOINT)
(15:54:51.795) INFO: [TadState] TAD state changed from DEBUG_SUSPENDED to DEBUG_RESUMED (Resumed, USER_REQUEST)
(15:55:07.227) INFO: [TadState] TAD state changed from DEBUG_RESUMED to READY (Suspended, SIGNAL)
(15:55:07.742) ReadingException: com.freescale.mqx.gdb.tad.model.globalstatus.TadGlobalStatusFactory.isMqxDataValid() at 60.line "readLongVariableSafely(_mqx_kernel_data)"
(15:55:07.742) ERROR: [TadGlobalStatusFactory] Kernel Data NOT valid (pointer: 0x0000)
(15:55:07.742) ERROR: [TadGlobalStatusFactory] MQX data not valid!
(15:55:07.742) INFO: [TadModel$3] Loading of TAD Global Status took 512 ms
(15:55:07.742) INFO: [TadGlobalStatusController] TAD global status data is ready!
(15:55:09.343) INFO: [TadModel] DSF session ID 10 has ended
(15:55:14.860) INFO: [TadModel] DSF session ID 11 has started
(15:55:18.968) INFO: [TadState] TAD state changed from DEBUG_STARTED to DEBUG_INIT_0 (Suspended, USER_REQUEST)
(15:55:21.613) INFO: [TadState] TAD state changed from DEBUG_INIT_0 to DEBUG_INIT_1 (Resumed, USER_REQUEST)
(15:55:21.644) INFO: [TadState] TAD state changed from DEBUG_INIT_1 to DEBUG_SUSPENDED (Suspended, BREAKPOINT)
(15:55:23.738) INFO: [TadState] TAD state changed from DEBUG_SUSPENDED to DEBUG_RESUMED (Resumed, USER_REQUEST)
(15:55:44.945) INFO: [TadState] TAD state changed from DEBUG_RESUMED to READY (Suspended, SIGNAL)
(15:55:45.455) ReadingException: com.freescale.mqx.gdb.tad.model.globalstatus.TadGlobalStatusFactory.isMqxDataValid() at 60.line "readLongVariableSafely(_mqx_kernel_data)"
(15:55:45.455) ERROR: [TadGlobalStatusFactory] Kernel Data NOT valid (pointer: 0x0000)
(15:55:45.455) ERROR: [TadGlobalStatusFactory] MQX data not valid!
(15:55:45.456) INFO: [TadModel$3] Loading of TAD Global Status took 507 ms
(15:55:45.457) INFO: [TadGlobalStatusController] TAD global status data is ready!
(15:55:47.046) INFO: [TadModel] DSF session ID 11 has ended
(15:55:52.831) INFO: [TadModel] DSF session ID 12 has started
(15:55:57.053) INFO: [TadState] TAD state changed from DEBUG_STARTED to DEBUG_INIT_0 (Suspended, USER_REQUEST)
(15:55:59.764) INFO: [TadState] TAD state changed from DEBUG_INIT_0 to DEBUG_INIT_1 (Resumed, USER_REQUEST)
(15:55:59.794) INFO: [TadState] TAD state changed from DEBUG_INIT_1 to DEBUG_SUSPENDED (Suspended, BREAKPOINT)
(15:56:03.255) INFO: [TadState] TAD state changed from DEBUG_SUSPENDED to DEBUG_RESUMED (Resumed, USER_REQUEST)
(15:56:15.296) INFO: [TadState] TAD state changed from DEBUG_RESUMED to READY (Suspended, SIGNAL)
(15:56:15.813) ReadingException: com.freescale.mqx.gdb.tad.model.globalstatus.TadGlobalStatusFactory.isMqxDataValid() at 60.line "readLongVariableSafely(_mqx_kernel_data)"
(15:56:15.813) ERROR: [TadGlobalStatusFactory] Kernel Data NOT valid (pointer: 0x0000)
(15:56:15.813) ERROR: [TadGlobalStatusFactory] MQX data not valid!
(15:56:15.813) INFO: [TadModel$3] Loading of TAD Global Status took 512 ms
(15:56:15.813) INFO: [TadGlobalStatusController] TAD global status data is ready!
