(23:53:35.330) INFO: [TadState] TAD state init (NONE)
(23:58:19.166) INFO: [TadModel] DSF session ID 0 has started
(23:58:23.975) INFO: [TadState] TAD state changed from DEBUG_STARTED to DEBUG_INIT_0 (Suspended, USER_REQUEST)
(23:58:26.634) INFO: [TadState] TAD state changed from DEBUG_INIT_0 to DEBUG_INIT_1 (Resumed, USER_REQUEST)
(23:58:26.667) INFO: [TadState] TAD state changed from DEBUG_INIT_1 to DEBUG_SUSPENDED (Suspended, BREAKPOINT)
(07:23:08.966) INFO: [TadModel] DSF session ID 1 has started
(07:23:21.719) INFO: [TadModel] DSF session ID 2 has started
(07:23:25.008) INFO: [TadState] TAD state changed from DEBUG_STARTED to DEBUG_INIT_0 (Suspended, USER_REQUEST)
(07:23:27.015) INFO: [TadState] TAD state changed from DEBUG_INIT_0 to DEBUG_INIT_1 (Resumed, USER_REQUEST)
(07:23:27.046) INFO: [TadState] TAD state changed from DEBUG_INIT_1 to DEBUG_SUSPENDED (Suspended, BREAKPOINT)
(07:23:31.191) INFO: [TadState] TAD state changed from DEBUG_SUSPENDED to DEBUG_RESUMED (Resumed, USER_REQUEST)
(07:23:31.223) INFO: [TadState] TAD state changed from DEBUG_RESUMED to READY (Suspended, BREAKPOINT)
(07:23:31.741) ReadingException: com.freescale.mqx.gdb.tad.model.globalstatus.TadGlobalStatusFactory.isMqxDataValid() at 60.line "readLongVariableSafely(_mqx_kernel_data)"
(07:23:31.742) ERROR: [TadGlobalStatusFactory] Kernel Data NOT valid (pointer: 0x0000)
(07:23:31.742) ERROR: [TadGlobalStatusFactory] MQX data not valid!
(07:23:31.742) INFO: [TadModel$3] Loading of TAD Global Status took 513 ms
(07:23:31.742) INFO: [TadGlobalStatusController] TAD global status data is ready!
(07:23:33.070) INFO: [TadState] TAD state changed from READY to DEBUG_RESUMED (Resumed, USER_REQUEST)
(07:23:33.199) INFO: [TadState] TAD state changed from DEBUG_RESUMED to READY (Suspended, SIGNAL)
(07:23:33.717) ReadingException: com.freescale.mqx.gdb.tad.model.globalstatus.TadGlobalStatusFactory.isMqxDataValid() at 60.line "readLongVariableSafely(_mqx_kernel_data)"
(07:23:33.717) ERROR: [TadGlobalStatusFactory] Kernel Data NOT valid (pointer: 0x0000)
(07:23:33.719) ERROR: [TadGlobalStatusFactory] MQX data not valid!
(07:23:33.719) INFO: [TadModel$3] Loading of TAD Global Status took 515 ms
(07:23:33.719) INFO: [TadGlobalStatusController] TAD global status data is ready!
(07:23:35.343) INFO: [TadModel] DSF session ID 2 has ended
(07:23:51.591) INFO: [TadModel] DSF session ID 3 has started
(07:23:53.834) INFO: [TadModel] DSF session ID 3 has ended
(07:24:19.457) INFO: [TadModel] DSF session ID 4 has started
(07:24:22.707) INFO: [TadState] TAD state changed from DEBUG_STARTED to DEBUG_INIT_0 (Suspended, USER_REQUEST)
(07:24:24.686) INFO: [TadState] TAD state changed from DEBUG_INIT_0 to DEBUG_INIT_1 (Resumed, USER_REQUEST)
(07:24:24.717) INFO: [TadState] TAD state changed from DEBUG_INIT_1 to DEBUG_SUSPENDED (Suspended, BREAKPOINT)
(07:24:28.630) INFO: [TadState] TAD state changed from DEBUG_SUSPENDED to DEBUG_RESUMED (Resumed, USER_REQUEST)
(07:24:28.660) INFO: [TadState] TAD state changed from DEBUG_RESUMED to READY (Suspended, BREAKPOINT)
(07:24:29.176) ReadingException: com.freescale.mqx.gdb.tad.model.globalstatus.TadGlobalStatusFactory.isMqxDataValid() at 60.line "readLongVariableSafely(_mqx_kernel_data)"
(07:24:29.176) ERROR: [TadGlobalStatusFactory] Kernel Data NOT valid (pointer: 0x0000)
(07:24:29.176) ERROR: [TadGlobalStatusFactory] MQX data not valid!
(07:24:29.176) INFO: [TadModel$3] Loading of TAD Global Status took 513 ms
(07:24:29.177) INFO: [TadGlobalStatusController] TAD global status data is ready!
(07:24:32.784) INFO: [TadState] TAD state changed from READY to DEBUG_RESUMED (Resumed, USER_REQUEST)
(07:24:32.913) INFO: [TadState] TAD state changed from DEBUG_RESUMED to READY (Suspended, SIGNAL)
(07:24:33.430) ReadingException: com.freescale.mqx.gdb.tad.model.globalstatus.TadGlobalStatusFactory.isMqxDataValid() at 60.line "readLongVariableSafely(_mqx_kernel_data)"
(07:24:33.430) ERROR: [TadGlobalStatusFactory] Kernel Data NOT valid (pointer: 0x0000)
(07:24:33.430) ERROR: [TadGlobalStatusFactory] MQX data not valid!
(07:24:33.430) INFO: [TadModel$3] Loading of TAD Global Status took 513 ms
(07:24:33.430) INFO: [TadGlobalStatusController] TAD global status data is ready!
(07:24:34.636) INFO: [TadModel] DSF session ID 4 has ended
(07:25:05.706) INFO: [TadModel] DSF session ID 5 has started
(07:25:09.333) INFO: [TadState] TAD state changed from DEBUG_STARTED to DEBUG_INIT_0 (Suspended, USER_REQUEST)
(07:25:11.277) INFO: [TadState] TAD state changed from DEBUG_INIT_0 to DEBUG_INIT_1 (Resumed, USER_REQUEST)
(07:25:11.308) INFO: [TadState] TAD state changed from DEBUG_INIT_1 to DEBUG_SUSPENDED (Suspended, BREAKPOINT)
(07:25:28.689) INFO: [TadState] TAD state changed from DEBUG_SUSPENDED to DEBUG_RESUMED (Resumed, USER_REQUEST)
(07:25:28.718) INFO: [TadState] TAD state changed from DEBUG_RESUMED to READY (Suspended, BREAKPOINT)
(07:25:29.223) ReadingException: com.freescale.mqx.gdb.tad.model.globalstatus.TadGlobalStatusFactory.isMqxDataValid() at 60.line "readLongVariableSafely(_mqx_kernel_data)"
(07:25:29.223) ERROR: [TadGlobalStatusFactory] Kernel Data NOT valid (pointer: 0x0000)
(07:25:29.223) ERROR: [TadGlobalStatusFactory] MQX data not valid!
(07:25:29.224) INFO: [TadModel$3] Loading of TAD Global Status took 502 ms
(07:25:29.224) INFO: [TadGlobalStatusController] TAD global status data is ready!
(07:25:32.203) INFO: [TadState] TAD state changed from READY to DEBUG_RESUMED (Resumed, USER_REQUEST)
(07:25:32.330) INFO: [TadState] TAD state changed from DEBUG_RESUMED to READY (Suspended, SIGNAL)
(07:25:32.848) ReadingException: com.freescale.mqx.gdb.tad.model.globalstatus.TadGlobalStatusFactory.isMqxDataValid() at 60.line "readLongVariableSafely(_mqx_kernel_data)"
(07:25:32.848) ERROR: [TadGlobalStatusFactory] Kernel Data NOT valid (pointer: 0x0000)
(07:25:32.848) ERROR: [TadGlobalStatusFactory] MQX data not valid!
(07:25:32.848) INFO: [TadModel$3] Loading of TAD Global Status took 514 ms
(07:25:32.849) INFO: [TadGlobalStatusController] TAD global status data is ready!
(07:25:34.727) INFO: [TadModel] DSF session ID 5 has ended
(07:27:48.848) INFO: [TadModel] DSF session ID 6 has started
(07:27:52.185) INFO: [TadState] TAD state changed from DEBUG_STARTED to DEBUG_INIT_0 (Suspended, USER_REQUEST)
(07:27:54.788) INFO: [TadState] TAD state changed from DEBUG_INIT_0 to DEBUG_INIT_1 (Resumed, USER_REQUEST)
(07:27:54.824) INFO: [TadState] TAD state changed from DEBUG_INIT_1 to DEBUG_SUSPENDED (Suspended, BREAKPOINT)
(07:27:57.642) INFO: [TadState] TAD state changed from DEBUG_SUSPENDED to DEBUG_RESUMED (Resumed, USER_REQUEST)
(07:28:02.812) INFO: [TadModel] DSF session ID 6 has ended
(07:29:07.870) INFO: [TadModel] DSF session ID 7 has started
(07:29:11.010) INFO: [TadState] TAD state changed from DEBUG_STARTED to DEBUG_INIT_0 (Suspended, USER_REQUEST)
(07:29:12.949) INFO: [TadState] TAD state changed from DEBUG_INIT_0 to DEBUG_INIT_1 (Resumed, USER_REQUEST)
(07:29:12.979) INFO: [TadState] TAD state changed from DEBUG_INIT_1 to DEBUG_SUSPENDED (Suspended, BREAKPOINT)
(07:29:15.978) INFO: [TadState] TAD state changed from DEBUG_SUSPENDED to DEBUG_RESUMED (Resumed, USER_REQUEST)
(07:29:21.209) INFO: [TadModel] DSF session ID 7 has ended
(07:31:23.205) INFO: [TadModel] DSF session ID 8 has started
(07:31:26.456) INFO: [TadState] TAD state changed from DEBUG_STARTED to DEBUG_INIT_0 (Suspended, USER_REQUEST)
(07:31:29.068) INFO: [TadState] TAD state changed from DEBUG_INIT_0 to DEBUG_INIT_1 (Resumed, USER_REQUEST)
(07:31:29.099) INFO: [TadState] TAD state changed from DEBUG_INIT_1 to DEBUG_SUSPENDED (Suspended, BREAKPOINT)
(07:31:31.695) INFO: [TadState] TAD state changed from DEBUG_SUSPENDED to DEBUG_RESUMED (Resumed, USER_REQUEST)
(07:31:36.924) INFO: [TadModel] DSF session ID 8 has ended
(07:31:41.903) INFO: [TadModel] DSF session ID 9 has started
(07:31:45.609) INFO: [TadState] TAD state changed from DEBUG_STARTED to DEBUG_INIT_0 (Suspended, USER_REQUEST)
(07:31:47.567) INFO: [TadState] TAD state changed from DEBUG_INIT_0 to DEBUG_INIT_1 (Resumed, USER_REQUEST)
(07:31:47.597) INFO: [TadState] TAD state changed from DEBUG_INIT_1 to DEBUG_SUSPENDED (Suspended, BREAKPOINT)
(07:32:09.976) INFO: [TadModel] DSF session ID 9 has ended
(07:32:37.232) INFO: [TadModel] DSF session ID 10 has started
(07:32:44.263) INFO: [TadState] TAD state changed from DEBUG_STARTED to DEBUG_INIT_0 (Suspended, USER_REQUEST)
(07:32:46.199) INFO: [TadState] TAD state changed from DEBUG_INIT_0 to DEBUG_INIT_1 (Resumed, USER_REQUEST)
(07:32:46.230) INFO: [TadState] TAD state changed from DEBUG_INIT_1 to DEBUG_SUSPENDED (Suspended, BREAKPOINT)
(07:32:47.321) INFO: [TadState] TAD state changed from DEBUG_SUSPENDED to DEBUG_RESUMED (Resumed, USER_REQUEST)
(07:32:52.527) INFO: [TadModel] DSF session ID 10 has ended
(07:33:43.235) INFO: [TadModel] DSF session ID 11 has started
(07:33:47.713) INFO: [TadState] TAD state changed from DEBUG_STARTED to DEBUG_INIT_0 (Suspended, USER_REQUEST)
(07:33:50.274) INFO: [TadState] TAD state changed from DEBUG_INIT_0 to DEBUG_INIT_1 (Resumed, USER_REQUEST)
(07:33:50.305) INFO: [TadState] TAD state changed from DEBUG_INIT_1 to DEBUG_SUSPENDED (Suspended, BREAKPOINT)
(07:33:52.143) INFO: [TadState] TAD state changed from DEBUG_SUSPENDED to DEBUG_RESUMED (Resumed, USER_REQUEST)
(07:37:13.095) INFO: [TadState] TAD state changed from DEBUG_RESUMED to READY (Suspended, SIGNAL)
(07:37:13.602) ReadingException: com.freescale.mqx.gdb.tad.model.globalstatus.TadGlobalStatusFactory.isMqxDataValid() at 60.line "readLongVariableSafely(_mqx_kernel_data)"
(07:37:13.602) ERROR: [TadGlobalStatusFactory] Kernel Data NOT valid (pointer: 0x0000)
(07:37:13.602) ERROR: [TadGlobalStatusFactory] MQX data not valid!
(07:37:13.602) INFO: [TadModel$3] Loading of TAD Global Status took 504 ms
(07:37:13.602) INFO: [TadGlobalStatusController] TAD global status data is ready!
(07:37:15.054) INFO: [TadModel] DSF session ID 12 has started
(07:37:15.221) INFO: [TadModel] DSF session ID 11 has ended
(07:37:21.746) INFO: [TadState] TAD state changed from NONE to DEBUG_INIT_0 (Suspended, USER_REQUEST)
(07:37:24.398) INFO: [TadState] TAD state changed from DEBUG_INIT_0 to DEBUG_INIT_1 (Resumed, USER_REQUEST)
(07:37:24.429) INFO: [TadState] TAD state changed from DEBUG_INIT_1 to DEBUG_SUSPENDED (Suspended, BREAKPOINT)
(07:37:26.105) INFO: [TadState] TAD state changed from DEBUG_SUSPENDED to DEBUG_RESUMED (Resumed, USER_REQUEST)
(07:37:31.315) INFO: [TadModel] DSF session ID 12 has ended
(07:37:40.871) INFO: [TadModel] DSF session ID 13 has started
(07:37:44.461) INFO: [TadState] TAD state changed from DEBUG_STARTED to DEBUG_INIT_0 (Suspended, USER_REQUEST)
(07:37:46.406) INFO: [TadState] TAD state changed from DEBUG_INIT_0 to DEBUG_INIT_1 (Resumed, USER_REQUEST)
(07:37:46.438) INFO: [TadState] TAD state changed from DEBUG_INIT_1 to DEBUG_SUSPENDED (Suspended, BREAKPOINT)
(07:38:24.353) INFO: [TadModel] DSF session ID 13 has ended
(07:38:26.110) INFO: [TadModel] DSF session ID 14 has started
(07:38:30.465) INFO: [TadState] TAD state changed from DEBUG_STARTED to DEBUG_INIT_0 (Suspended, USER_REQUEST)
(07:38:32.433) INFO: [TadState] TAD state changed from DEBUG_INIT_0 to DEBUG_INIT_1 (Resumed, USER_REQUEST)
(07:38:32.465) INFO: [TadState] TAD state changed from DEBUG_INIT_1 to DEBUG_SUSPENDED (Suspended, BREAKPOINT)
(07:38:33.736) INFO: [TadState] TAD state changed from DEBUG_SUSPENDED to DEBUG_RESUMED (Resumed, USER_REQUEST)
(07:38:38.956) INFO: [TadModel] DSF session ID 14 has ended
(07:42:16.848) INFO: [TadModel] DSF session ID 15 has started
(07:42:20.196) INFO: [TadState] TAD state changed from DEBUG_STARTED to DEBUG_INIT_0 (Suspended, USER_REQUEST)
(07:42:22.789) INFO: [TadState] TAD state changed from DEBUG_INIT_0 to DEBUG_INIT_1 (Resumed, USER_REQUEST)
(07:42:22.821) INFO: [TadState] TAD state changed from DEBUG_INIT_1 to DEBUG_SUSPENDED (Suspended, BREAKPOINT)
(07:42:25.063) INFO: [TadState] TAD state changed from DEBUG_SUSPENDED to DEBUG_RESUMED (Resumed, USER_REQUEST)
(07:50:37.081) INFO: [TadState] TAD state changed from DEBUG_RESUMED to READY (Suspended, SIGNAL)
(07:50:37.602) ReadingException: com.freescale.mqx.gdb.tad.model.globalstatus.TadGlobalStatusFactory.isMqxDataValid() at 60.line "readLongVariableSafely(_mqx_kernel_data)"
(07:50:37.603) ERROR: [TadGlobalStatusFactory] Kernel Data NOT valid (pointer: 0x0000)
(07:50:37.603) ERROR: [TadGlobalStatusFactory] MQX data not valid!
(07:50:37.603) INFO: [TadModel$3] Loading of TAD Global Status took 518 ms
(07:50:37.603) INFO: [TadGlobalStatusController] TAD global status data is ready!
(07:50:39.194) INFO: [TadModel] DSF session ID 15 has ended
(07:50:49.999) INFO: [TadModel] DSF session ID 16 has started
(07:50:53.344) INFO: [TadState] TAD state changed from DEBUG_STARTED to DEBUG_INIT_0 (Suspended, USER_REQUEST)
(07:50:55.985) INFO: [TadState] TAD state changed from DEBUG_INIT_0 to DEBUG_INIT_1 (Resumed, USER_REQUEST)
(07:50:56.015) INFO: [TadState] TAD state changed from DEBUG_INIT_1 to DEBUG_SUSPENDED (Suspended, BREAKPOINT)
(07:51:00.687) INFO: [TadState] TAD state changed from DEBUG_SUSPENDED to DEBUG_RESUMED (Resumed, USER_REQUEST)
(07:51:21.278) INFO: [TadState] TAD state changed from DEBUG_RESUMED to READY (Suspended, SIGNAL)
(07:51:21.783) ReadingException: com.freescale.mqx.gdb.tad.model.globalstatus.TadGlobalStatusFactory.isMqxDataValid() at 60.line "readLongVariableSafely(_mqx_kernel_data)"
(07:51:21.783) ERROR: [TadGlobalStatusFactory] Kernel Data NOT valid (pointer: 0x0000)
(07:51:21.783) ERROR: [TadGlobalStatusFactory] MQX data not valid!
(07:51:21.783) INFO: [TadModel$3] Loading of TAD Global Status took 502 ms
(07:51:21.784) INFO: [TadGlobalStatusController] TAD global status data is ready!
(07:51:22.855) INFO: [TadModel] DSF session ID 16 has ended
(07:52:01.196) INFO: [TadModel] DSF session ID 17 has started
(07:52:04.680) INFO: [TadState] TAD state changed from DEBUG_STARTED to DEBUG_INIT_0 (Suspended, USER_REQUEST)
(07:52:06.610) INFO: [TadState] TAD state changed from DEBUG_INIT_0 to DEBUG_INIT_1 (Resumed, USER_REQUEST)
(07:52:06.639) INFO: [TadState] TAD state changed from DEBUG_INIT_1 to DEBUG_SUSPENDED (Suspended, BREAKPOINT)
(07:52:08.356) INFO: [TadState] TAD state changed from DEBUG_SUSPENDED to DEBUG_RESUMED (Resumed, USER_REQUEST)
(07:53:19.005) INFO: [TadState] TAD state changed from DEBUG_RESUMED to READY (Suspended, SIGNAL)
(07:53:19.516) ReadingException: com.freescale.mqx.gdb.tad.model.globalstatus.TadGlobalStatusFactory.isMqxDataValid() at 60.line "readLongVariableSafely(_mqx_kernel_data)"
(07:53:19.516) ERROR: [TadGlobalStatusFactory] Kernel Data NOT valid (pointer: 0x0000)
(07:53:19.516) ERROR: [TadGlobalStatusFactory] MQX data not valid!
(07:53:19.516) INFO: [TadModel$3] Loading of TAD Global Status took 508 ms
(07:53:19.517) INFO: [TadGlobalStatusController] TAD global status data is ready!
(07:53:21.124) INFO: [TadModel] DSF session ID 17 has ended
(07:53:37.512) INFO: [TadModel] DSF session ID 18 has started
(07:53:40.681) INFO: [TadState] TAD state changed from DEBUG_STARTED to DEBUG_INIT_0 (Suspended, USER_REQUEST)
(07:53:43.296) INFO: [TadState] TAD state changed from DEBUG_INIT_0 to DEBUG_INIT_1 (Resumed, USER_REQUEST)
(07:53:43.328) INFO: [TadState] TAD state changed from DEBUG_INIT_1 to DEBUG_SUSPENDED (Suspended, BREAKPOINT)
(07:54:30.170) INFO: [TadState] TAD state changed from DEBUG_SUSPENDED to DEBUG_RESUMED (Resumed, USER_REQUEST)
(07:55:44.706) INFO: [TadState] TAD state changed from DEBUG_RESUMED to READY (Suspended, SIGNAL)
(07:55:45.221) ReadingException: com.freescale.mqx.gdb.tad.model.globalstatus.TadGlobalStatusFactory.isMqxDataValid() at 60.line "readLongVariableSafely(_mqx_kernel_data)"
(07:55:45.221) ERROR: [TadGlobalStatusFactory] Kernel Data NOT valid (pointer: 0x0000)
(07:55:45.222) ERROR: [TadGlobalStatusFactory] MQX data not valid!
(07:55:45.222) INFO: [TadModel$3] Loading of TAD Global Status took 513 ms
(07:55:45.222) INFO: [TadGlobalStatusController] TAD global status data is ready!
(07:55:46.809) INFO: [TadModel] DSF session ID 18 has ended
(07:55:48.793) INFO: [TadModel] DSF session ID 19 has started
(07:55:53.216) INFO: [TadState] TAD state changed from DEBUG_STARTED to DEBUG_INIT_0 (Suspended, USER_REQUEST)
(07:55:55.835) INFO: [TadState] TAD state changed from DEBUG_INIT_0 to DEBUG_INIT_1 (Resumed, USER_REQUEST)
(07:55:55.866) INFO: [TadState] TAD state changed from DEBUG_INIT_1 to DEBUG_SUSPENDED (Suspended, BREAKPOINT)
(07:55:57.172) INFO: [TadState] TAD state changed from DEBUG_SUSPENDED to DEBUG_RESUMED (Resumed, USER_REQUEST)
(07:55:59.286) INFO: [TadModel] DSF session ID 19 has ended
(07:56:13.386) INFO: [TadModel] DSF session ID 20 has started
(07:56:19.945) INFO: [TadState] TAD state changed from DEBUG_STARTED to DEBUG_INIT_0 (Suspended, USER_REQUEST)
(07:56:22.531) INFO: [TadState] TAD state changed from DEBUG_INIT_0 to DEBUG_INIT_1 (Resumed, USER_REQUEST)
(07:56:22.562) INFO: [TadState] TAD state changed from DEBUG_INIT_1 to DEBUG_SUSPENDED (Suspended, BREAKPOINT)
(07:56:23.841) INFO: [TadState] TAD state changed from DEBUG_SUSPENDED to DEBUG_RESUMED (Resumed, USER_REQUEST)
(07:57:05.663) INFO: [TadState] TAD state changed from DEBUG_RESUMED to READY (Suspended, SIGNAL)
(07:57:06.178) ReadingException: com.freescale.mqx.gdb.tad.model.globalstatus.TadGlobalStatusFactory.isMqxDataValid() at 60.line "readLongVariableSafely(_mqx_kernel_data)"
(07:57:06.178) ERROR: [TadGlobalStatusFactory] Kernel Data NOT valid (pointer: 0x0000)
(07:57:06.179) ERROR: [TadGlobalStatusFactory] MQX data not valid!
(07:57:06.179) INFO: [TadModel$3] Loading of TAD Global Status took 512 ms
(07:57:06.179) INFO: [TadGlobalStatusController] TAD global status data is ready!
(07:57:07.815) INFO: [TadModel] DSF session ID 20 has ended
(07:57:16.022) INFO: [TadModel] DSF session ID 21 has started
(07:57:19.667) INFO: [TadState] TAD state changed from DEBUG_STARTED to DEBUG_INIT_0 (Suspended, USER_REQUEST)
(07:57:21.609) INFO: [TadState] TAD state changed from DEBUG_INIT_0 to DEBUG_INIT_1 (Resumed, USER_REQUEST)
(07:57:21.639) INFO: [TadState] TAD state changed from DEBUG_INIT_1 to DEBUG_SUSPENDED (Suspended, BREAKPOINT)
(07:57:22.648) INFO: [TadState] TAD state changed from DEBUG_SUSPENDED to DEBUG_RESUMED (Resumed, USER_REQUEST)
(08:00:46.239) INFO: [TadState] TAD state changed from DEBUG_RESUMED to READY (Suspended, SIGNAL)
(08:00:46.746) ReadingException: com.freescale.mqx.gdb.tad.model.globalstatus.TadGlobalStatusFactory.isMqxDataValid() at 60.line "readLongVariableSafely(_mqx_kernel_data)"
(08:00:46.746) ERROR: [TadGlobalStatusFactory] Kernel Data NOT valid (pointer: 0x0000)
(08:00:46.746) ERROR: [TadGlobalStatusFactory] MQX data not valid!
(08:00:46.746) INFO: [TadModel$3] Loading of TAD Global Status took 502 ms
(08:00:46.746) INFO: [TadGlobalStatusController] TAD global status data is ready!
(08:00:48.344) INFO: [TadModel] DSF session ID 21 has ended
(08:00:49.935) INFO: [TadModel] DSF session ID 22 has started
(08:00:54.238) INFO: [TadState] TAD state changed from DEBUG_STARTED to DEBUG_INIT_0 (Suspended, USER_REQUEST)
(08:00:56.829) INFO: [TadState] TAD state changed from DEBUG_INIT_0 to DEBUG_INIT_1 (Resumed, USER_REQUEST)
(08:00:56.859) INFO: [TadState] TAD state changed from DEBUG_INIT_1 to DEBUG_SUSPENDED (Suspended, BREAKPOINT)
(08:00:58.565) INFO: [TadState] TAD state changed from DEBUG_SUSPENDED to DEBUG_RESUMED (Resumed, USER_REQUEST)
(08:02:46.878) INFO: [TadState] TAD state changed from DEBUG_RESUMED to READY (Suspended, SIGNAL)
(08:02:47.389) ReadingException: com.freescale.mqx.gdb.tad.model.globalstatus.TadGlobalStatusFactory.isMqxDataValid() at 60.line "readLongVariableSafely(_mqx_kernel_data)"
(08:02:47.389) ERROR: [TadGlobalStatusFactory] Kernel Data NOT valid (pointer: 0x0000)
(08:02:47.390) ERROR: [TadGlobalStatusFactory] MQX data not valid!
(08:02:47.390) INFO: [TadModel$3] Loading of TAD Global Status took 509 ms
(08:02:47.390) INFO: [TadGlobalStatusController] TAD global status data is ready!
(08:02:48.988) INFO: [TadModel] DSF session ID 22 has ended
(08:03:10.965) INFO: [TadModel] DSF session ID 23 has started
(08:03:14.260) INFO: [TadState] TAD state changed from DEBUG_STARTED to DEBUG_INIT_0 (Suspended, USER_REQUEST)
(08:03:16.831) INFO: [TadState] TAD state changed from DEBUG_INIT_0 to DEBUG_INIT_1 (Resumed, USER_REQUEST)
(08:03:16.861) INFO: [TadState] TAD state changed from DEBUG_INIT_1 to DEBUG_SUSPENDED (Suspended, BREAKPOINT)
(08:03:18.737) INFO: [TadState] TAD state changed from DEBUG_SUSPENDED to DEBUG_RESUMED (Resumed, USER_REQUEST)
(08:04:07.650) INFO: [TadState] TAD state changed from DEBUG_RESUMED to READY (Suspended, SIGNAL)
(08:04:08.161) ReadingException: com.freescale.mqx.gdb.tad.model.globalstatus.TadGlobalStatusFactory.isMqxDataValid() at 60.line "readLongVariableSafely(_mqx_kernel_data)"
(08:04:08.161) ERROR: [TadGlobalStatusFactory] Kernel Data NOT valid (pointer: 0x0000)
(08:04:08.161) ERROR: [TadGlobalStatusFactory] MQX data not valid!
(08:04:08.161) INFO: [TadModel$3] Loading of TAD Global Status took 507 ms
(08:04:08.161) INFO: [TadGlobalStatusController] TAD global status data is ready!
(08:04:09.753) INFO: [TadModel] DSF session ID 23 has ended
(08:05:15.196) INFO: [TadModel] DSF session ID 24 has started
(08:05:18.910) INFO: [TadState] TAD state changed from DEBUG_STARTED to DEBUG_INIT_0 (Suspended, USER_REQUEST)
(08:05:20.804) INFO: [TadState] TAD state changed from DEBUG_INIT_0 to DEBUG_INIT_1 (Resumed, USER_REQUEST)
(08:05:20.835) INFO: [TadState] TAD state changed from DEBUG_INIT_1 to DEBUG_SUSPENDED (Suspended, BREAKPOINT)
(08:05:28.790) INFO: [TadState] TAD state changed from DEBUG_SUSPENDED to DEBUG_RESUMED (Resumed, USER_REQUEST)
(08:05:58.378) INFO: [TadState] TAD state changed from DEBUG_RESUMED to READY (Suspended, SIGNAL)
(08:05:58.887) ReadingException: com.freescale.mqx.gdb.tad.model.globalstatus.TadGlobalStatusFactory.isMqxDataValid() at 60.line "readLongVariableSafely(_mqx_kernel_data)"
(08:05:58.887) ERROR: [TadGlobalStatusFactory] Kernel Data NOT valid (pointer: 0x0000)
(08:05:58.888) ERROR: [TadGlobalStatusFactory] MQX data not valid!
(08:05:58.888) INFO: [TadModel$3] Loading of TAD Global Status took 506 ms
(08:05:58.888) INFO: [TadGlobalStatusController] TAD global status data is ready!
(08:05:59.981) INFO: [TadModel] DSF session ID 24 has ended
(08:06:01.471) INFO: [TadModel] DSF session ID 25 has started
(08:06:05.097) INFO: [TadState] TAD state changed from DEBUG_STARTED to DEBUG_INIT_0 (Suspended, USER_REQUEST)
(08:06:07.114) INFO: [TadState] TAD state changed from DEBUG_INIT_0 to DEBUG_INIT_1 (Resumed, USER_REQUEST)
(08:06:07.144) INFO: [TadState] TAD state changed from DEBUG_INIT_1 to DEBUG_SUSPENDED (Suspended, BREAKPOINT)
(08:06:12.264) INFO: [TadState] TAD state changed from DEBUG_SUSPENDED to DEBUG_RESUMED (Resumed, USER_REQUEST)
(08:06:21.212) INFO: [TadState] TAD state changed from DEBUG_RESUMED to READY (Suspended, SIGNAL)
(08:06:21.718) ReadingException: com.freescale.mqx.gdb.tad.model.globalstatus.TadGlobalStatusFactory.isMqxDataValid() at 60.line "readLongVariableSafely(_mqx_kernel_data)"
(08:06:21.718) ERROR: [TadGlobalStatusFactory] Kernel Data NOT valid (pointer: 0x0000)
(08:06:21.718) ERROR: [TadGlobalStatusFactory] MQX data not valid!
(08:06:21.719) INFO: [TadModel$3] Loading of TAD Global Status took 503 ms
(08:06:21.719) INFO: [TadGlobalStatusController] TAD global status data is ready!
(08:06:23.325) INFO: [TadModel] DSF session ID 25 has ended
(08:10:34.617) INFO: [TadModel] DSF session ID 26 has started
(08:10:38.207) INFO: [TadState] TAD state changed from DEBUG_STARTED to DEBUG_INIT_0 (Suspended, USER_REQUEST)
(08:10:40.166) INFO: [TadState] TAD state changed from DEBUG_INIT_0 to DEBUG_INIT_1 (Resumed, USER_REQUEST)
(08:10:40.196) INFO: [TadState] TAD state changed from DEBUG_INIT_1 to DEBUG_SUSPENDED (Suspended, BREAKPOINT)
(08:10:41.371) INFO: [TadState] TAD state changed from DEBUG_SUSPENDED to DEBUG_RESUMED (Resumed, USER_REQUEST)
(08:18:01.714) INFO: [TadState] TAD state changed from DEBUG_RESUMED to READY (Suspended, SIGNAL)
(08:18:02.223) ReadingException: com.freescale.mqx.gdb.tad.model.globalstatus.TadGlobalStatusFactory.isMqxDataValid() at 60.line "readLongVariableSafely(_mqx_kernel_data)"
(08:18:02.223) ERROR: [TadGlobalStatusFactory] Kernel Data NOT valid (pointer: 0x0000)
(08:18:02.223) ERROR: [TadGlobalStatusFactory] MQX data not valid!
(08:18:02.223) INFO: [TadModel$3] Loading of TAD Global Status took 505 ms
(08:18:02.223) INFO: [TadGlobalStatusController] TAD global status data is ready!
(08:18:03.317) INFO: [TadModel] DSF session ID 26 has ended
(08:18:46.703) INFO: [TadModel] DSF session ID 27 has started
(08:18:50.382) INFO: [TadState] TAD state changed from DEBUG_STARTED to DEBUG_INIT_0 (Suspended, USER_REQUEST)
(08:18:52.326) INFO: [TadState] TAD state changed from DEBUG_INIT_0 to DEBUG_INIT_1 (Resumed, USER_REQUEST)
(08:18:52.356) INFO: [TadState] TAD state changed from DEBUG_INIT_1 to DEBUG_SUSPENDED (Suspended, BREAKPOINT)
(08:19:02.247) INFO: [TadState] TAD state changed from DEBUG_SUSPENDED to DEBUG_RESUMED (Resumed, USER_REQUEST)
(08:20:53.891) INFO: [TadState] TAD state changed from DEBUG_RESUMED to READY (Suspended, SIGNAL)
(08:20:54.401) ReadingException: com.freescale.mqx.gdb.tad.model.globalstatus.TadGlobalStatusFactory.isMqxDataValid() at 60.line "readLongVariableSafely(_mqx_kernel_data)"
(08:20:54.402) ERROR: [TadGlobalStatusFactory] Kernel Data NOT valid (pointer: 0x0000)
(08:20:54.402) ERROR: [TadGlobalStatusFactory] MQX data not valid!
(08:20:54.402) INFO: [TadModel$3] Loading of TAD Global Status took 507 ms
(08:20:54.402) INFO: [TadGlobalStatusController] TAD global status data is ready!
(08:20:56.010) INFO: [TadModel] DSF session ID 27 has ended
(08:33:33.640) INFO: [TadModel] DSF session ID 28 has started
(08:33:36.875) INFO: [TadState] TAD state changed from DEBUG_STARTED to DEBUG_INIT_0 (Suspended, USER_REQUEST)
(08:33:39.480) INFO: [TadState] TAD state changed from DEBUG_INIT_0 to DEBUG_INIT_1 (Resumed, USER_REQUEST)
(08:33:39.515) INFO: [TadState] TAD state changed from DEBUG_INIT_1 to DEBUG_SUSPENDED (Suspended, BREAKPOINT)
(08:33:42.824) INFO: [TadState] TAD state changed from DEBUG_SUSPENDED to DEBUG_RESUMED (Resumed, USER_REQUEST)
(08:36:34.351) INFO: [TadState] TAD state changed from DEBUG_RESUMED to READY (Suspended, SIGNAL)
(08:36:34.866) ReadingException: com.freescale.mqx.gdb.tad.model.globalstatus.TadGlobalStatusFactory.isMqxDataValid() at 60.line "readLongVariableSafely(_mqx_kernel_data)"
(08:36:34.866) ERROR: [TadGlobalStatusFactory] Kernel Data NOT valid (pointer: 0x0000)
(08:36:34.866) ERROR: [TadGlobalStatusFactory] MQX data not valid!
(08:36:34.866) INFO: [TadModel$3] Loading of TAD Global Status took 512 ms
(08:36:34.867) INFO: [TadGlobalStatusController] TAD global status data is ready!
(08:36:36.441) INFO: [TadModel] DSF session ID 28 has ended
(08:36:37.804) INFO: [TadModel] DSF session ID 29 has started
(08:36:41.360) INFO: [TadState] TAD state changed from DEBUG_STARTED to DEBUG_INIT_0 (Suspended, USER_REQUEST)
(08:36:43.323) INFO: [TadState] TAD state changed from DEBUG_INIT_0 to DEBUG_INIT_1 (Resumed, USER_REQUEST)
(08:36:43.354) INFO: [TadState] TAD state changed from DEBUG_INIT_1 to DEBUG_SUSPENDED (Suspended, BREAKPOINT)
(08:36:44.791) INFO: [TadState] TAD state changed from DEBUG_SUSPENDED to DEBUG_RESUMED (Resumed, USER_REQUEST)
(08:37:43.041) INFO: [TadState] TAD state changed from DEBUG_RESUMED to READY (Suspended, SIGNAL)
(08:37:43.553) ReadingException: com.freescale.mqx.gdb.tad.model.globalstatus.TadGlobalStatusFactory.isMqxDataValid() at 60.line "readLongVariableSafely(_mqx_kernel_data)"
(08:37:43.553) ERROR: [TadGlobalStatusFactory] Kernel Data NOT valid (pointer: 0x0000)
(08:37:43.553) ERROR: [TadGlobalStatusFactory] MQX data not valid!
(08:37:43.553) INFO: [TadModel$3] Loading of TAD Global Status took 506 ms
(08:37:43.553) INFO: [TadGlobalStatusController] TAD global status data is ready!
(08:37:44.329) INFO: [TadModel] DSF session ID 30 has started
(08:37:45.135) INFO: [TadModel] DSF session ID 29 has ended
(08:37:46.601) INFO: [TadModel] DSF session ID 30 has ended
(08:37:47.674) INFO: [TadModel] DSF session ID 31 has started
(08:37:52.371) INFO: [TadState] TAD state changed from DEBUG_STARTED to DEBUG_INIT_0 (Suspended, USER_REQUEST)
(08:37:54.957) INFO: [TadState] TAD state changed from DEBUG_INIT_0 to DEBUG_INIT_1 (Resumed, USER_REQUEST)
(08:37:54.989) INFO: [TadState] TAD state changed from DEBUG_INIT_1 to DEBUG_SUSPENDED (Suspended, BREAKPOINT)
(08:37:56.023) INFO: [TadState] TAD state changed from DEBUG_SUSPENDED to DEBUG_RESUMED (Resumed, USER_REQUEST)
(08:38:09.091) INFO: [TadState] TAD state changed from DEBUG_RESUMED to READY (Suspended, SIGNAL)
(08:38:09.605) ReadingException: com.freescale.mqx.gdb.tad.model.globalstatus.TadGlobalStatusFactory.isMqxDataValid() at 60.line "readLongVariableSafely(_mqx_kernel_data)"
(08:38:09.605) ERROR: [TadGlobalStatusFactory] Kernel Data NOT valid (pointer: 0x0000)
(08:38:09.605) ERROR: [TadGlobalStatusFactory] MQX data not valid!
(08:38:09.606) INFO: [TadModel$3] Loading of TAD Global Status took 510 ms
(08:38:09.606) INFO: [TadGlobalStatusController] TAD global status data is ready!
(08:38:11.700) INFO: [TadModel] DSF session ID 31 has ended
(08:38:45.192) INFO: [TadModel] DSF session ID 32 has started
(08:38:49.597) INFO: [TadState] TAD state changed from DEBUG_STARTED to DEBUG_INIT_0 (Suspended, USER_REQUEST)
(08:38:52.167) INFO: [TadState] TAD state changed from DEBUG_INIT_0 to DEBUG_INIT_1 (Resumed, USER_REQUEST)
(08:38:52.198) INFO: [TadState] TAD state changed from DEBUG_INIT_1 to DEBUG_SUSPENDED (Suspended, BREAKPOINT)
(08:38:55.177) INFO: [TadState] TAD state changed from DEBUG_SUSPENDED to DEBUG_RESUMED (Resumed, USER_REQUEST)
(08:41:12.820) INFO: [TadState] TAD state changed from DEBUG_RESUMED to READY (Suspended, SIGNAL)
(08:41:13.325) ReadingException: com.freescale.mqx.gdb.tad.model.globalstatus.TadGlobalStatusFactory.isMqxDataValid() at 60.line "readLongVariableSafely(_mqx_kernel_data)"
(08:41:13.325) ERROR: [TadGlobalStatusFactory] Kernel Data NOT valid (pointer: 0x0000)
(08:41:13.325) ERROR: [TadGlobalStatusFactory] MQX data not valid!
(08:41:13.325) INFO: [TadModel$3] Loading of TAD Global Status took 501 ms
(08:41:13.325) INFO: [TadGlobalStatusController] TAD global status data is ready!
(08:41:14.286) INFO: [TadModel] DSF session ID 33 has started
(08:41:14.950) INFO: [TadModel] DSF session ID 32 has ended
(08:41:16.295) INFO: [TadModel] DSF session ID 33 has ended
(08:41:17.443) INFO: [TadModel] DSF session ID 34 has started
(08:41:21.070) INFO: [TadState] TAD state changed from DEBUG_STARTED to DEBUG_INIT_0 (Suspended, USER_REQUEST)
(08:41:23.665) INFO: [TadState] TAD state changed from DEBUG_INIT_0 to DEBUG_INIT_1 (Resumed, USER_REQUEST)
(08:41:23.695) INFO: [TadState] TAD state changed from DEBUG_INIT_1 to DEBUG_SUSPENDED (Suspended, BREAKPOINT)
(08:41:28.081) INFO: [TadState] TAD state changed from DEBUG_SUSPENDED to DEBUG_RESUMED (Resumed, USER_REQUEST)
(08:41:46.049) INFO: [TadState] TAD state changed from DEBUG_RESUMED to READY (Suspended, SIGNAL)
(08:41:46.555) ReadingException: com.freescale.mqx.gdb.tad.model.globalstatus.TadGlobalStatusFactory.isMqxDataValid() at 60.line "readLongVariableSafely(_mqx_kernel_data)"
(08:41:46.555) ERROR: [TadGlobalStatusFactory] Kernel Data NOT valid (pointer: 0x0000)
(08:41:46.556) ERROR: [TadGlobalStatusFactory] MQX data not valid!
(08:41:46.556) INFO: [TadModel$3] Loading of TAD Global Status took 503 ms
(08:41:46.556) INFO: [TadGlobalStatusController] TAD global status data is ready!
(08:41:48.858) INFO: [TadModel] DSF session ID 34 has ended
(08:41:50.489) INFO: [TadModel] DSF session ID 35 has started
(08:41:54.938) INFO: [TadState] TAD state changed from DEBUG_STARTED to DEBUG_INIT_0 (Suspended, USER_REQUEST)
(08:41:57.585) INFO: [TadState] TAD state changed from DEBUG_INIT_0 to DEBUG_INIT_1 (Resumed, USER_REQUEST)
(08:41:57.616) INFO: [TadState] TAD state changed from DEBUG_INIT_1 to DEBUG_SUSPENDED (Suspended, BREAKPOINT)
(08:41:59.567) INFO: [TadState] TAD state changed from DEBUG_SUSPENDED to DEBUG_RESUMED (Resumed, USER_REQUEST)
(08:42:20.229) INFO: [TadState] TAD state changed from DEBUG_RESUMED to READY (Suspended, SIGNAL)
(08:42:20.736) ReadingException: com.freescale.mqx.gdb.tad.model.globalstatus.TadGlobalStatusFactory.isMqxDataValid() at 60.line "readLongVariableSafely(_mqx_kernel_data)"
(08:42:20.736) ERROR: [TadGlobalStatusFactory] Kernel Data NOT valid (pointer: 0x0000)
(08:42:20.736) ERROR: [TadGlobalStatusFactory] MQX data not valid!
(08:42:20.737) INFO: [TadModel$3] Loading of TAD Global Status took 504 ms
(08:42:20.737) INFO: [TadGlobalStatusController] TAD global status data is ready!
(08:42:22.346) INFO: [TadModel] DSF session ID 35 has ended
(08:43:00.337) INFO: [TadModel] DSF session ID 36 has started
(08:43:03.933) INFO: [TadState] TAD state changed from DEBUG_STARTED to DEBUG_INIT_0 (Suspended, USER_REQUEST)
(08:43:05.891) INFO: [TadState] TAD state changed from DEBUG_INIT_0 to DEBUG_INIT_1 (Resumed, USER_REQUEST)
(08:43:05.921) INFO: [TadState] TAD state changed from DEBUG_INIT_1 to DEBUG_SUSPENDED (Suspended, BREAKPOINT)
(08:43:07.105) INFO: [TadState] TAD state changed from DEBUG_SUSPENDED to DEBUG_RESUMED (Resumed, USER_REQUEST)
(08:44:16.955) INFO: [TadState] TAD state changed from DEBUG_RESUMED to READY (Suspended, SIGNAL)
(08:44:17.465) ReadingException: com.freescale.mqx.gdb.tad.model.globalstatus.TadGlobalStatusFactory.isMqxDataValid() at 60.line "readLongVariableSafely(_mqx_kernel_data)"
(08:44:17.465) ERROR: [TadGlobalStatusFactory] Kernel Data NOT valid (pointer: 0x0000)
(08:44:17.465) ERROR: [TadGlobalStatusFactory] MQX data not valid!
(08:44:17.465) INFO: [TadModel$3] Loading of TAD Global Status took 507 ms
(08:44:17.465) INFO: [TadGlobalStatusController] TAD global status data is ready!
(08:44:19.072) INFO: [TadModel] DSF session ID 36 has ended
(08:44:20.257) INFO: [TadModel] DSF session ID 37 has started
(08:44:24.650) INFO: [TadState] TAD state changed from DEBUG_STARTED to DEBUG_INIT_0 (Suspended, USER_REQUEST)
(08:44:27.285) INFO: [TadState] TAD state changed from DEBUG_INIT_0 to DEBUG_INIT_1 (Resumed, USER_REQUEST)
(08:44:27.316) INFO: [TadState] TAD state changed from DEBUG_INIT_1 to DEBUG_SUSPENDED (Suspended, BREAKPOINT)
(08:44:28.675) INFO: [TadState] TAD state changed from DEBUG_SUSPENDED to DEBUG_RESUMED (Resumed, USER_REQUEST)
(08:46:09.896) INFO: [TadState] TAD state changed from DEBUG_RESUMED to READY (Suspended, SIGNAL)
(08:46:10.408) ReadingException: com.freescale.mqx.gdb.tad.model.globalstatus.TadGlobalStatusFactory.isMqxDataValid() at 60.line "readLongVariableSafely(_mqx_kernel_data)"
(08:46:10.408) ERROR: [TadGlobalStatusFactory] Kernel Data NOT valid (pointer: 0x0000)
(08:46:10.410) ERROR: [TadGlobalStatusFactory] MQX data not valid!
(08:46:10.410) INFO: [TadModel$3] Loading of TAD Global Status took 510 ms
(08:46:10.410) INFO: [TadGlobalStatusController] TAD global status data is ready!
(08:46:12.034) INFO: [TadModel] DSF session ID 37 has ended
(08:46:12.991) INFO: [TadModel] DSF session ID 38 has started
(08:46:17.345) INFO: [TadState] TAD state changed from DEBUG_STARTED to DEBUG_INIT_0 (Suspended, USER_REQUEST)
(08:46:19.306) INFO: [TadState] TAD state changed from DEBUG_INIT_0 to DEBUG_INIT_1 (Resumed, USER_REQUEST)
(08:46:19.337) INFO: [TadState] TAD state changed from DEBUG_INIT_1 to DEBUG_SUSPENDED (Suspended, BREAKPOINT)
(08:46:20.253) INFO: [TadState] TAD state changed from DEBUG_SUSPENDED to DEBUG_RESUMED (Resumed, USER_REQUEST)
(08:48:38.560) INFO: [TadState] TAD state changed from DEBUG_RESUMED to READY (Suspended, SIGNAL)
(08:48:39.065) ReadingException: com.freescale.mqx.gdb.tad.model.globalstatus.TadGlobalStatusFactory.isMqxDataValid() at 60.line "readLongVariableSafely(_mqx_kernel_data)"
(08:48:39.065) ERROR: [TadGlobalStatusFactory] Kernel Data NOT valid (pointer: 0x0000)
(08:48:39.066) ERROR: [TadGlobalStatusFactory] MQX data not valid!
(08:48:39.066) INFO: [TadModel$3] Loading of TAD Global Status took 502 ms
(08:48:39.066) INFO: [TadGlobalStatusController] TAD global status data is ready!
(08:48:40.625) INFO: [TadModel] DSF session ID 38 has ended
(08:53:28.667) INFO: [TadModel] DSF session ID 39 has started
(08:53:32.987) INFO: [TadState] TAD state changed from DEBUG_STARTED to DEBUG_INIT_0 (Suspended, USER_REQUEST)
(08:53:35.622) INFO: [TadState] TAD state changed from DEBUG_INIT_0 to DEBUG_INIT_1 (Resumed, USER_REQUEST)
(08:53:35.654) INFO: [TadState] TAD state changed from DEBUG_INIT_1 to DEBUG_SUSPENDED (Suspended, BREAKPOINT)
(08:53:37.351) INFO: [TadState] TAD state changed from DEBUG_SUSPENDED to DEBUG_RESUMED (Resumed, USER_REQUEST)
(08:54:46.581) INFO: [TadState] TAD state changed from DEBUG_RESUMED to READY (Suspended, SIGNAL)
(08:54:47.095) ReadingException: com.freescale.mqx.gdb.tad.model.globalstatus.TadGlobalStatusFactory.isMqxDataValid() at 60.line "readLongVariableSafely(_mqx_kernel_data)"
(08:54:47.095) ERROR: [TadGlobalStatusFactory] Kernel Data NOT valid (pointer: 0x0000)
(08:54:47.096) ERROR: [TadGlobalStatusFactory] MQX data not valid!
(08:54:47.096) INFO: [TadModel$3] Loading of TAD Global Status took 511 ms
(08:54:47.096) INFO: [TadGlobalStatusController] TAD global status data is ready!
(08:54:47.579) INFO: [TadModel] DSF session ID 40 has started
(08:54:48.713) INFO: [TadModel] DSF session ID 39 has ended
(08:54:53.361) INFO: [TadState] TAD state changed from NONE to DEBUG_INIT_0 (Suspended, USER_REQUEST)
(08:54:55.969) INFO: [TadState] TAD state changed from DEBUG_INIT_0 to DEBUG_INIT_1 (Resumed, USER_REQUEST)
(08:54:56.000) INFO: [TadState] TAD state changed from DEBUG_INIT_1 to DEBUG_SUSPENDED (Suspended, BREAKPOINT)
(08:54:56.959) INFO: [TadState] TAD state changed from DEBUG_SUSPENDED to DEBUG_RESUMED (Resumed, USER_REQUEST)
(08:55:27.867) INFO: [TadState] TAD state changed from DEBUG_RESUMED to READY (Suspended, SIGNAL)
(08:55:28.382) ReadingException: com.freescale.mqx.gdb.tad.model.globalstatus.TadGlobalStatusFactory.isMqxDataValid() at 60.line "readLongVariableSafely(_mqx_kernel_data)"
(08:55:28.382) ERROR: [TadGlobalStatusFactory] Kernel Data NOT valid (pointer: 0x0000)
(08:55:28.382) ERROR: [TadGlobalStatusFactory] MQX data not valid!
(08:55:28.382) INFO: [TadModel$3] Loading of TAD Global Status took 511 ms
(08:55:28.383) INFO: [TadGlobalStatusController] TAD global status data is ready!
(08:55:29.983) INFO: [TadModel] DSF session ID 40 has ended
(08:55:33.946) INFO: [TadModel] DSF session ID 41 has started
(08:55:38.416) INFO: [TadState] TAD state changed from DEBUG_STARTED to DEBUG_INIT_0 (Suspended, USER_REQUEST)
(08:55:40.985) INFO: [TadState] TAD state changed from DEBUG_INIT_0 to DEBUG_INIT_1 (Resumed, USER_REQUEST)
(08:55:41.015) INFO: [TadState] TAD state changed from DEBUG_INIT_1 to DEBUG_SUSPENDED (Suspended, BREAKPOINT)
(08:55:47.363) INFO: [TadState] TAD state changed from DEBUG_SUSPENDED to DEBUG_RESUMED (Resumed, USER_REQUEST)
(09:02:21.430) INFO: [TadState] TAD state changed from DEBUG_RESUMED to READY (Suspended, SIGNAL)
(09:02:21.945) ReadingException: com.freescale.mqx.gdb.tad.model.globalstatus.TadGlobalStatusFactory.isMqxDataValid() at 60.line "readLongVariableSafely(_mqx_kernel_data)"
(09:02:21.945) ERROR: [TadGlobalStatusFactory] Kernel Data NOT valid (pointer: 0x0000)
(09:02:21.945) ERROR: [TadGlobalStatusFactory] MQX data not valid!
(09:02:21.945) INFO: [TadModel$3] Loading of TAD Global Status took 511 ms
(09:02:21.946) INFO: [TadGlobalStatusController] TAD global status data is ready!
