(14:01:26.997) INFO: [TadState] TAD state init (NONE)
(14:24:23.724) INFO: [TadModel] DSF session ID 0 has started
(14:24:27.292) INFO: [TadState] TAD state changed from DEBUG_STARTED to DEBUG_INIT_0 (Suspended, USER_REQUEST)
(14:24:29.979) INFO: [TadState] TAD state changed from DEBUG_INIT_0 to DEBUG_INIT_1 (Resumed, USER_REQUEST)
(14:24:30.008) INFO: [TadState] TAD state changed from DEBUG_INIT_1 to DEBUG_SUSPENDED (Suspended, BREAKPOINT)
(14:24:33.037) INFO: [TadState] TAD state changed from DEBUG_SUSPENDED to DEBUG_RESUMED (Resumed, USER_REQUEST)
(14:28:49.970) INFO: [TadModel] DSF session ID 1 has started
(14:28:52.799) INFO: [TadState] TAD state changed from DEBUG_STARTED to DEBUG_INIT_0 (Suspended, USER_REQUEST)
(14:28:55.503) INFO: [TadState] TAD state changed from DEBUG_INIT_0 to DEBUG_INIT_1 (Resumed, USER_REQUEST)
(14:28:55.534) INFO: [TadState] TAD state changed from DEBUG_INIT_1 to DEBUG_SUSPENDED (Suspended, BREAKPOINT)
(14:28:56.769) INFO: [TadState] TAD state changed from DEBUG_SUSPENDED to DEBUG_RESUMED (Resumed, USER_REQUEST)
(14:29:15.829) INFO: [TadModel] DSF session ID 2 has started
(14:29:18.649) INFO: [TadState] TAD state changed from DEBUG_STARTED to DEBUG_INIT_0 (Suspended, USER_REQUEST)
(14:29:21.336) INFO: [TadState] TAD state changed from DEBUG_INIT_0 to DEBUG_INIT_1 (Resumed, USER_REQUEST)
(14:29:21.366) INFO: [TadState] TAD state changed from DEBUG_INIT_1 to DEBUG_SUSPENDED (Suspended, BREAKPOINT)
(14:29:23.309) INFO: [TadState] TAD state changed from DEBUG_SUSPENDED to DEBUG_RESUMED (Resumed, USER_REQUEST)
(14:30:53.577) INFO: [TadModel] DSF session ID 3 has started
(14:30:56.919) INFO: [TadState] TAD state changed from DEBUG_STARTED to DEBUG_INIT_0 (Suspended, USER_REQUEST)
(14:30:58.898) INFO: [TadState] TAD state changed from DEBUG_INIT_0 to DEBUG_INIT_1 (Resumed, USER_REQUEST)
(14:30:58.929) INFO: [TadState] TAD state changed from DEBUG_INIT_1 to DEBUG_SUSPENDED (Suspended, BREAKPOINT)
(14:30:59.875) INFO: [TadState] TAD state changed from DEBUG_SUSPENDED to DEBUG_RESUMED (Resumed, USER_REQUEST)
(15:17:12.404) INFO: [TadModel] DSF session ID 4 has started
(15:17:15.525) INFO: [TadState] TAD state changed from DEBUG_STARTED to DEBUG_INIT_0 (Suspended, USER_REQUEST)
(15:17:18.194) INFO: [TadState] TAD state changed from DEBUG_INIT_0 to DEBUG_INIT_1 (Resumed, USER_REQUEST)
(15:17:18.225) INFO: [TadState] TAD state changed from DEBUG_INIT_1 to DEBUG_SUSPENDED (Suspended, BREAKPOINT)
(15:17:23.498) INFO: [TadState] TAD state changed from DEBUG_SUSPENDED to DEBUG_RESUMED (Resumed, USER_REQUEST)
(15:18:57.541) INFO: [TadState] TAD state changed from DEBUG_RESUMED to READY (Suspended, SIGNAL)
(15:18:58.064) ReadingException: com.freescale.mqx.gdb.tad.model.globalstatus.TadGlobalStatusFactory.isMqxDataValid() at 60.line "readLongVariableSafely(_mqx_kernel_data)"
(15:18:58.065) ERROR: [TadGlobalStatusFactory] Kernel Data NOT valid (pointer: 0x0000)
(15:18:58.065) ERROR: [TadGlobalStatusFactory] MQX data not valid!
(15:18:58.065) INFO: [TadModel$3] Loading of TAD Global Status took 515 ms
(15:18:58.065) INFO: [TadGlobalStatusController] TAD global status data is ready!
(15:18:59.672) INFO: [TadModel] DSF session ID 4 has ended
(15:19:02.368) INFO: [TadModel] DSF session ID 5 has started
(15:19:06.282) INFO: [TadState] TAD state changed from DEBUG_STARTED to DEBUG_INIT_0 (Suspended, USER_REQUEST)
(15:19:06.522) INFO: [TadModel] DSF session ID 6 has started
(15:19:09.006) INFO: [TadState] TAD state changed from DEBUG_STARTED to DEBUG_INIT_0 (Resumed, USER_REQUEST)
(15:19:09.036) INFO: [TadState] TAD state changed from DEBUG_INIT_0 to DEBUG_INIT_1 (Suspended, BREAKPOINT)
(15:19:09.498) INFO: [TadModel] DSF session ID 6 has ended
(15:19:11.662) INFO: [TadState] TAD state changed from NONE to DEBUG_INIT_0 (Resumed, USER_REQUEST)
(15:35:50.919) INFO: [TadState] TAD state changed from DEBUG_INIT_0 to DEBUG_INIT_1 (Suspended, SIGNAL)
(15:35:53.030) INFO: [TadModel] DSF session ID 5 has ended
(15:45:26.291) INFO: [TadModel] DSF session ID 7 has started
(15:45:29.098) INFO: [TadState] TAD state changed from DEBUG_STARTED to DEBUG_INIT_0 (Suspended, USER_REQUEST)
(15:45:31.798) INFO: [TadState] TAD state changed from DEBUG_INIT_0 to DEBUG_INIT_1 (Resumed, USER_REQUEST)
(15:45:31.836) INFO: [TadState] TAD state changed from DEBUG_INIT_1 to DEBUG_SUSPENDED (Suspended, BREAKPOINT)
(15:45:33.698) INFO: [TadState] TAD state changed from DEBUG_SUSPENDED to DEBUG_RESUMED (Resumed, USER_REQUEST)
(15:46:52.159) INFO: [TadState] TAD state changed from DEBUG_RESUMED to READY (Suspended, SIGNAL)
(15:46:52.667) ReadingException: com.freescale.mqx.gdb.tad.model.globalstatus.TadGlobalStatusFactory.isMqxDataValid() at 60.line "readLongVariableSafely(_mqx_kernel_data)"
(15:46:52.667) ERROR: [TadGlobalStatusFactory] Kernel Data NOT valid (pointer: 0x0000)
(15:46:52.667) ERROR: [TadGlobalStatusFactory] MQX data not valid!
(15:46:52.667) INFO: [TadModel$3] Loading of TAD Global Status took 503 ms
(15:46:52.668) INFO: [TadGlobalStatusController] TAD global status data is ready!
(15:46:54.252) INFO: [TadModel] DSF session ID 7 has ended
(15:46:56.798) INFO: [TadModel] DSF session ID 8 has started
(15:46:59.606) INFO: [TadState] TAD state changed from DEBUG_STARTED to DEBUG_INIT_0 (Suspended, USER_REQUEST)
(15:47:02.284) INFO: [TadState] TAD state changed from DEBUG_INIT_0 to DEBUG_INIT_1 (Resumed, USER_REQUEST)
(15:47:02.313) INFO: [TadState] TAD state changed from DEBUG_INIT_1 to DEBUG_SUSPENDED (Suspended, BREAKPOINT)
(15:47:04.977) INFO: [TadState] TAD state changed from DEBUG_SUSPENDED to DEBUG_RESUMED (Resumed, USER_REQUEST)
(15:47:18.640) INFO: [TadState] TAD state changed from DEBUG_RESUMED to READY (Suspended, SIGNAL)
(15:47:19.155) ReadingException: com.freescale.mqx.gdb.tad.model.globalstatus.TadGlobalStatusFactory.isMqxDataValid() at 60.line "readLongVariableSafely(_mqx_kernel_data)"
(15:47:19.156) ERROR: [TadGlobalStatusFactory] Kernel Data NOT valid (pointer: 0x0000)
(15:47:19.156) ERROR: [TadGlobalStatusFactory] MQX data not valid!
(15:47:19.156) INFO: [TadModel$3] Loading of TAD Global Status took 512 ms
(15:47:19.157) INFO: [TadGlobalStatusController] TAD global status data is ready!
(15:47:20.767) INFO: [TadModel] DSF session ID 8 has ended
(15:47:24.263) INFO: [TadModel] DSF session ID 9 has started
(15:47:27.440) INFO: [TadState] TAD state changed from DEBUG_STARTED to DEBUG_INIT_0 (Suspended, USER_REQUEST)
(15:47:30.141) INFO: [TadState] TAD state changed from DEBUG_INIT_0 to DEBUG_INIT_1 (Resumed, USER_REQUEST)
(15:47:30.172) INFO: [TadState] TAD state changed from DEBUG_INIT_1 to DEBUG_SUSPENDED (Suspended, BREAKPOINT)
(15:47:31.196) INFO: [TadState] TAD state changed from DEBUG_SUSPENDED to DEBUG_RESUMED (Resumed, USER_REQUEST)
(15:54:26.802) INFO: [TadState] TAD state changed from DEBUG_RESUMED to READY (Suspended, SIGNAL)
(15:54:27.321) ReadingException: com.freescale.mqx.gdb.tad.model.globalstatus.TadGlobalStatusFactory.isMqxDataValid() at 60.line "readLongVariableSafely(_mqx_kernel_data)"
(15:54:27.321) ERROR: [TadGlobalStatusFactory] Kernel Data NOT valid (pointer: 0x0000)
(15:54:27.321) ERROR: [TadGlobalStatusFactory] MQX data not valid!
(15:54:27.322) INFO: [TadModel$3] Loading of TAD Global Status took 515 ms
(15:54:27.322) INFO: [TadGlobalStatusController] TAD global status data is ready!
(15:54:28.945) INFO: [TadModel] DSF session ID 9 has ended
(15:54:40.701) INFO: [TadModel] DSF session ID 10 has started
(15:54:44.765) INFO: [TadState] TAD state changed from DEBUG_STARTED to DEBUG_INIT_0 (Suspended, USER_REQUEST)
(15:54:47.448) INFO: [TadState] TAD state changed from DEBUG_INIT_0 to DEBUG_INIT_1 (Resumed, USER_REQUEST)
(15:54:47.478) INFO: [TadState] TAD state changed from DEBUG_INIT_1 to DEBUG_SUSPENDED (Suspended, BREAKPOINT)
(15:54:51.795) INFO: [TadState] TAD state changed from DEBUG_SUSPENDED to DEBUG_RESUMED (Resumed, USER_REQUEST)
(15:55:07.227) INFO: [TadState] TAD state changed from DEBUG_RESUMED to READY (Suspended, SIGNAL)
(15:55:07.742) ReadingException: com.freescale.mqx.gdb.tad.model.globalstatus.TadGlobalStatusFactory.isMqxDataValid() at 60.line "readLongVariableSafely(_mqx_kernel_data)"
(15:55:07.742) ERROR: [TadGlobalStatusFactory] Kernel Data NOT valid (pointer: 0x0000)
(15:55:07.742) ERROR: [TadGlobalStatusFactory] MQX data not valid!
(15:55:07.742) INFO: [TadModel$3] Loading of TAD Global Status took 512 ms
(15:55:07.742) INFO: [TadGlobalStatusController] TAD global status data is ready!
(15:55:09.343) INFO: [TadModel] DSF session ID 10 has ended
(15:55:14.860) INFO: [TadModel] DSF session ID 11 has started
(15:55:18.968) INFO: [TadState] TAD state changed from DEBUG_STARTED to DEBUG_INIT_0 (Suspended, USER_REQUEST)
(15:55:21.613) INFO: [TadState] TAD state changed from DEBUG_INIT_0 to DEBUG_INIT_1 (Resumed, USER_REQUEST)
(15:55:21.644) INFO: [TadState] TAD state changed from DEBUG_INIT_1 to DEBUG_SUSPENDED (Suspended, BREAKPOINT)
(15:55:23.738) INFO: [TadState] TAD state changed from DEBUG_SUSPENDED to DEBUG_RESUMED (Resumed, USER_REQUEST)
(15:55:44.945) INFO: [TadState] TAD state changed from DEBUG_RESUMED to READY (Suspended, SIGNAL)
(15:55:45.455) ReadingException: com.freescale.mqx.gdb.tad.model.globalstatus.TadGlobalStatusFactory.isMqxDataValid() at 60.line "readLongVariableSafely(_mqx_kernel_data)"
(15:55:45.455) ERROR: [TadGlobalStatusFactory] Kernel Data NOT valid (pointer: 0x0000)
(15:55:45.455) ERROR: [TadGlobalStatusFactory] MQX data not valid!
(15:55:45.456) INFO: [TadModel$3] Loading of TAD Global Status took 507 ms
(15:55:45.457) INFO: [TadGlobalStatusController] TAD global status data is ready!
(15:55:47.046) INFO: [TadModel] DSF session ID 11 has ended
(15:55:52.831) INFO: [TadModel] DSF session ID 12 has started
(15:55:57.053) INFO: [TadState] TAD state changed from DEBUG_STARTED to DEBUG_INIT_0 (Suspended, USER_REQUEST)
(15:55:59.764) INFO: [TadState] TAD state changed from DEBUG_INIT_0 to DEBUG_INIT_1 (Resumed, USER_REQUEST)
(15:55:59.794) INFO: [TadState] TAD state changed from DEBUG_INIT_1 to DEBUG_SUSPENDED (Suspended, BREAKPOINT)
(15:56:03.255) INFO: [TadState] TAD state changed from DEBUG_SUSPENDED to DEBUG_RESUMED (Resumed, USER_REQUEST)
(15:56:15.296) INFO: [TadState] TAD state changed from DEBUG_RESUMED to READY (Suspended, SIGNAL)
(15:56:15.813) ReadingException: com.freescale.mqx.gdb.tad.model.globalstatus.TadGlobalStatusFactory.isMqxDataValid() at 60.line "readLongVariableSafely(_mqx_kernel_data)"
(15:56:15.813) ERROR: [TadGlobalStatusFactory] Kernel Data NOT valid (pointer: 0x0000)
(15:56:15.813) ERROR: [TadGlobalStatusFactory] MQX data not valid!
(15:56:15.813) INFO: [TadModel$3] Loading of TAD Global Status took 512 ms
(15:56:15.813) INFO: [TadGlobalStatusController] TAD global status data is ready!
(15:56:17.410) INFO: [TadModel] DSF session ID 12 has ended
(15:56:24.070) INFO: [TadModel] DSF session ID 13 has started
(15:56:28.215) INFO: [TadState] TAD state changed from DEBUG_STARTED to DEBUG_INIT_0 (Suspended, USER_REQUEST)
(15:56:30.915) INFO: [TadState] TAD state changed from DEBUG_INIT_0 to DEBUG_INIT_1 (Resumed, USER_REQUEST)
(15:56:30.965) INFO: [TadState] TAD state changed from DEBUG_INIT_1 to DEBUG_SUSPENDED (Suspended, BREAKPOINT)
(15:56:32.986) INFO: [TadState] TAD state changed from DEBUG_SUSPENDED to DEBUG_RESUMED (Resumed, USER_REQUEST)
(15:56:38.089) INFO: [TadState] TAD state changed from DEBUG_RESUMED to READY (Suspended, SIGNAL)
(15:56:38.610) ReadingException: com.freescale.mqx.gdb.tad.model.globalstatus.TadGlobalStatusFactory.isMqxDataValid() at 60.line "readLongVariableSafely(_mqx_kernel_data)"
(15:56:38.610) ERROR: [TadGlobalStatusFactory] Kernel Data NOT valid (pointer: 0x0000)
(15:56:38.610) ERROR: [TadGlobalStatusFactory] MQX data not valid!
(15:56:38.610) INFO: [TadModel$3] Loading of TAD Global Status took 516 ms
(15:56:38.610) INFO: [TadGlobalStatusController] TAD global status data is ready!
(15:56:40.216) INFO: [TadModel] DSF session ID 13 has ended
(16:02:32.706) INFO: [TadModel] DSF session ID 14 has started
(16:02:36.616) INFO: [TadState] TAD state changed from DEBUG_STARTED to DEBUG_INIT_0 (Suspended, USER_REQUEST)
(16:02:39.319) INFO: [TadState] TAD state changed from DEBUG_INIT_0 to DEBUG_INIT_1 (Resumed, USER_REQUEST)
(16:02:39.350) INFO: [TadState] TAD state changed from DEBUG_INIT_1 to DEBUG_SUSPENDED (Suspended, BREAKPOINT)
(16:02:40.860) INFO: [TadState] TAD state changed from DEBUG_SUSPENDED to DEBUG_RESUMED (Resumed, USER_REQUEST)
(16:03:13.146) INFO: [TadState] TAD state changed from DEBUG_RESUMED to READY (Suspended, SIGNAL)
(16:03:13.661) ReadingException: com.freescale.mqx.gdb.tad.model.globalstatus.TadGlobalStatusFactory.isMqxDataValid() at 60.line "readLongVariableSafely(_mqx_kernel_data)"
(16:03:13.661) ERROR: [TadGlobalStatusFactory] Kernel Data NOT valid (pointer: 0x0000)
(16:03:13.661) ERROR: [TadGlobalStatusFactory] MQX data not valid!
(16:03:13.661) INFO: [TadModel$3] Loading of TAD Global Status took 511 ms
(16:03:13.662) INFO: [TadGlobalStatusController] TAD global status data is ready!
(16:03:15.291) INFO: [TadModel] DSF session ID 14 has ended
(16:48:59.155) INFO: [TadModel] DSF session ID 15 has started
(16:49:11.025) INFO: [TadModel] DSF session ID 15 has ended
(16:49:52.987) INFO: [TadModel] DSF session ID 16 has started
(16:49:55.955) INFO: [TadState] TAD state changed from DEBUG_STARTED to DEBUG_INIT_0 (Suspended, USER_REQUEST)
(16:49:58.654) INFO: [TadState] TAD state changed from DEBUG_INIT_0 to DEBUG_INIT_1 (Resumed, USER_REQUEST)
(16:49:58.685) INFO: [TadState] TAD state changed from DEBUG_INIT_1 to DEBUG_SUSPENDED (Suspended, BREAKPOINT)
(16:50:03.981) INFO: [TadState] TAD state changed from DEBUG_SUSPENDED to DEBUG_RESUMED (Resumed, USER_REQUEST)
(16:51:47.203) INFO: [TadState] TAD state changed from DEBUG_RESUMED to READY (Suspended, SIGNAL)
(16:51:47.713) ReadingException: com.freescale.mqx.gdb.tad.model.globalstatus.TadGlobalStatusFactory.isMqxDataValid() at 60.line "readLongVariableSafely(_mqx_kernel_data)"
(16:51:47.713) ERROR: [TadGlobalStatusFactory] Kernel Data NOT valid (pointer: 0x0000)
(16:51:47.714) ERROR: [TadGlobalStatusFactory] MQX data not valid!
(16:51:47.714) INFO: [TadModel$3] Loading of TAD Global Status took 506 ms
(16:51:47.714) INFO: [TadGlobalStatusController] TAD global status data is ready!
(16:51:49.322) INFO: [TadModel] DSF session ID 16 has ended
(16:52:03.214) INFO: [TadModel] DSF session ID 17 has started
(16:52:07.351) INFO: [TadState] TAD state changed from DEBUG_STARTED to DEBUG_INIT_0 (Suspended, USER_REQUEST)
(16:52:09.975) INFO: [TadState] TAD state changed from DEBUG_INIT_0 to DEBUG_INIT_1 (Resumed, USER_REQUEST)
(16:52:10.005) INFO: [TadState] TAD state changed from DEBUG_INIT_1 to DEBUG_SUSPENDED (Suspended, BREAKPOINT)
(16:52:16.727) INFO: [TadState] TAD state changed from DEBUG_SUSPENDED to DEBUG_RESUMED (Resumed, USER_REQUEST)
(16:53:42.911) INFO: [TadState] TAD state changed from DEBUG_RESUMED to READY (Suspended, SIGNAL)
(16:53:43.430) ReadingException: com.freescale.mqx.gdb.tad.model.globalstatus.TadGlobalStatusFactory.isMqxDataValid() at 60.line "readLongVariableSafely(_mqx_kernel_data)"
(16:53:43.430) ERROR: [TadGlobalStatusFactory] Kernel Data NOT valid (pointer: 0x0000)
(16:53:43.431) ERROR: [TadGlobalStatusFactory] MQX data not valid!
(16:53:43.431) INFO: [TadModel$3] Loading of TAD Global Status took 516 ms
(16:53:43.431) INFO: [TadGlobalStatusController] TAD global status data is ready!
(16:53:44.540) INFO: [TadModel] DSF session ID 17 has ended
(16:53:52.240) INFO: [TadModel] DSF session ID 18 has started
(16:53:56.368) INFO: [TadState] TAD state changed from DEBUG_STARTED to DEBUG_INIT_0 (Suspended, USER_REQUEST)
(16:53:59.091) INFO: [TadState] TAD state changed from DEBUG_INIT_0 to DEBUG_INIT_1 (Resumed, USER_REQUEST)
(16:53:59.122) INFO: [TadState] TAD state changed from DEBUG_INIT_1 to DEBUG_SUSPENDED (Suspended, BREAKPOINT)
(16:54:03.940) INFO: [TadState] TAD state changed from DEBUG_SUSPENDED to DEBUG_RESUMED (Resumed, USER_REQUEST)
(16:58:37.181) INFO: [TadState] TAD state changed from DEBUG_RESUMED to READY (Suspended, SIGNAL)
(16:58:37.699) ReadingException: com.freescale.mqx.gdb.tad.model.globalstatus.TadGlobalStatusFactory.isMqxDataValid() at 60.line "readLongVariableSafely(_mqx_kernel_data)"
(16:58:37.699) ERROR: [TadGlobalStatusFactory] Kernel Data NOT valid (pointer: 0x0000)
(16:58:37.699) ERROR: [TadGlobalStatusFactory] MQX data not valid!
(16:58:37.699) INFO: [TadModel$3] Loading of TAD Global Status took 514 ms
(16:58:37.700) INFO: [TadGlobalStatusController] TAD global status data is ready!
(16:58:39.309) INFO: [TadModel] DSF session ID 18 has ended
(16:58:41.026) INFO: [TadModel] DSF session ID 19 has started
(16:58:47.168) INFO: [TadState] TAD state changed from DEBUG_STARTED to DEBUG_INIT_0 (Suspended, USER_REQUEST)
(16:58:49.880) INFO: [TadState] TAD state changed from DEBUG_INIT_0 to DEBUG_INIT_1 (Resumed, USER_REQUEST)
(16:58:49.911) INFO: [TadState] TAD state changed from DEBUG_INIT_1 to DEBUG_SUSPENDED (Suspended, BREAKPOINT)
(16:58:51.198) INFO: [TadState] TAD state changed from DEBUG_SUSPENDED to DEBUG_RESUMED (Resumed, USER_REQUEST)
(16:59:47.439) INFO: [TadState] TAD state changed from DEBUG_RESUMED to READY (Suspended, SIGNAL)
(16:59:47.955) ReadingException: com.freescale.mqx.gdb.tad.model.globalstatus.TadGlobalStatusFactory.isMqxDataValid() at 60.line "readLongVariableSafely(_mqx_kernel_data)"
(16:59:47.955) ERROR: [TadGlobalStatusFactory] Kernel Data NOT valid (pointer: 0x0000)
(16:59:47.956) ERROR: [TadGlobalStatusFactory] MQX data not valid!
(16:59:47.956) INFO: [TadModel$3] Loading of TAD Global Status took 513 ms
(16:59:47.956) INFO: [TadGlobalStatusController] TAD global status data is ready!
(16:59:49.563) INFO: [TadModel] DSF session ID 19 has ended
(16:59:51.360) INFO: [TadModel] DSF session ID 20 has started
(16:59:55.668) INFO: [TadState] TAD state changed from DEBUG_STARTED to DEBUG_INIT_0 (Suspended, USER_REQUEST)
(16:59:58.359) INFO: [TadState] TAD state changed from DEBUG_INIT_0 to DEBUG_INIT_1 (Resumed, USER_REQUEST)
(16:59:58.389) INFO: [TadState] TAD state changed from DEBUG_INIT_1 to DEBUG_SUSPENDED (Suspended, BREAKPOINT)
(16:59:59.851) INFO: [TadState] TAD state changed from DEBUG_SUSPENDED to DEBUG_RESUMED (Resumed, USER_REQUEST)
(17:09:19.549) INFO: [TadState] TAD state changed from DEBUG_RESUMED to READY (Suspended, SIGNAL)
(17:09:20.058) ReadingException: com.freescale.mqx.gdb.tad.model.globalstatus.TadGlobalStatusFactory.isMqxDataValid() at 60.line "readLongVariableSafely(_mqx_kernel_data)"
(17:09:20.058) ERROR: [TadGlobalStatusFactory] Kernel Data NOT valid (pointer: 0x0000)
(17:09:20.058) ERROR: [TadGlobalStatusFactory] MQX data not valid!
(17:09:20.058) INFO: [TadModel$3] Loading of TAD Global Status took 504 ms
(17:09:20.059) INFO: [TadGlobalStatusController] TAD global status data is ready!
(17:09:21.686) INFO: [TadModel] DSF session ID 20 has ended
(17:09:22.150) INFO: [TadModel] DSF session ID 21 has started
(17:09:26.469) INFO: [TadState] TAD state changed from DEBUG_STARTED to DEBUG_INIT_0 (Suspended, USER_REQUEST)
(17:09:29.137) INFO: [TadState] TAD state changed from DEBUG_INIT_0 to DEBUG_INIT_1 (Resumed, USER_REQUEST)
(17:09:29.168) INFO: [TadState] TAD state changed from DEBUG_INIT_1 to DEBUG_SUSPENDED (Suspended, BREAKPOINT)
(17:09:30.692) INFO: [TadState] TAD state changed from DEBUG_SUSPENDED to DEBUG_RESUMED (Resumed, USER_REQUEST)
(17:28:12.780) INFO: [TadState] TAD state changed from DEBUG_RESUMED to READY (Suspended, SIGNAL)
(17:28:13.298) ReadingException: com.freescale.mqx.gdb.tad.model.globalstatus.TadGlobalStatusFactory.isMqxDataValid() at 60.line "readLongVariableSafely(_mqx_kernel_data)"
(17:28:13.298) ERROR: [TadGlobalStatusFactory] Kernel Data NOT valid (pointer: 0x0000)
(17:28:13.298) ERROR: [TadGlobalStatusFactory] MQX data not valid!
(17:28:13.299) INFO: [TadModel$3] Loading of TAD Global Status took 514 ms
(17:28:13.299) INFO: [TadGlobalStatusController] TAD global status data is ready!
(17:28:14.681) INFO: [TadModel] DSF session ID 22 has started
(17:28:14.910) INFO: [TadModel] DSF session ID 21 has ended
(17:28:22.131) INFO: [TadState] TAD state changed from NONE to DEBUG_INIT_0 (Suspended, USER_REQUEST)
(17:28:24.887) INFO: [TadState] TAD state changed from DEBUG_INIT_0 to DEBUG_INIT_1 (Resumed, USER_REQUEST)
(17:28:24.922) INFO: [TadState] TAD state changed from DEBUG_INIT_1 to DEBUG_SUSPENDED (Suspended, BREAKPOINT)
(17:28:26.875) INFO: [TadState] TAD state changed from DEBUG_SUSPENDED to DEBUG_RESUMED (Resumed, USER_REQUEST)
(17:28:50.105) INFO: [TadState] TAD state changed from DEBUG_RESUMED to READY (Suspended, SIGNAL)
(17:28:50.620) ReadingException: com.freescale.mqx.gdb.tad.model.globalstatus.TadGlobalStatusFactory.isMqxDataValid() at 60.line "readLongVariableSafely(_mqx_kernel_data)"
(17:28:50.620) ERROR: [TadGlobalStatusFactory] Kernel Data NOT valid (pointer: 0x0000)
(17:28:50.620) ERROR: [TadGlobalStatusFactory] MQX data not valid!
(17:28:50.622) INFO: [TadModel$3] Loading of TAD Global Status took 512 ms
(17:28:50.622) INFO: [TadGlobalStatusController] TAD global status data is ready!
(17:28:52.703) INFO: [TadModel] DSF session ID 22 has ended
(17:28:54.131) INFO: [TadModel] DSF session ID 23 has started
(17:29:00.383) INFO: [TadState] TAD state changed from DEBUG_STARTED to DEBUG_INIT_0 (Suspended, USER_REQUEST)
(17:29:03.092) INFO: [TadState] TAD state changed from DEBUG_INIT_0 to DEBUG_INIT_1 (Resumed, USER_REQUEST)
(17:29:03.122) INFO: [TadState] TAD state changed from DEBUG_INIT_1 to DEBUG_SUSPENDED (Suspended, BREAKPOINT)
(17:29:06.506) INFO: [TadState] TAD state changed from DEBUG_SUSPENDED to DEBUG_RESUMED (Resumed, USER_REQUEST)
(17:33:01.710) INFO: [TadState] TAD state changed from DEBUG_RESUMED to READY (Suspended, SIGNAL)
(17:33:02.219) ReadingException: com.freescale.mqx.gdb.tad.model.globalstatus.TadGlobalStatusFactory.isMqxDataValid() at 60.line "readLongVariableSafely(_mqx_kernel_data)"
(17:33:02.220) ERROR: [TadGlobalStatusFactory] Kernel Data NOT valid (pointer: 0x0000)
(17:33:02.220) ERROR: [TadGlobalStatusFactory] MQX data not valid!
(17:33:02.221) INFO: [TadModel$3] Loading of TAD Global Status took 505 ms
(17:33:02.221) INFO: [TadGlobalStatusController] TAD global status data is ready!
(17:33:04.351) INFO: [TadModel] DSF session ID 23 has ended
(17:33:09.074) INFO: [TadModel] DSF session ID 24 has started
(17:33:13.229) INFO: [TadState] TAD state changed from DEBUG_STARTED to DEBUG_INIT_0 (Suspended, USER_REQUEST)
(17:33:15.938) INFO: [TadState] TAD state changed from DEBUG_INIT_0 to DEBUG_INIT_1 (Resumed, USER_REQUEST)
(17:33:15.969) INFO: [TadState] TAD state changed from DEBUG_INIT_1 to DEBUG_SUSPENDED (Suspended, BREAKPOINT)
(17:33:18.683) INFO: [TadState] TAD state changed from DEBUG_SUSPENDED to DEBUG_RESUMED (Resumed, USER_REQUEST)
(17:34:11.325) INFO: [TadState] TAD state changed from DEBUG_RESUMED to READY (Suspended, SIGNAL)
(17:34:11.836) ReadingException: com.freescale.mqx.gdb.tad.model.globalstatus.TadGlobalStatusFactory.isMqxDataValid() at 60.line "readLongVariableSafely(_mqx_kernel_data)"
(17:34:11.836) ERROR: [TadGlobalStatusFactory] Kernel Data NOT valid (pointer: 0x0000)
(17:34:11.836) ERROR: [TadGlobalStatusFactory] MQX data not valid!
(17:34:11.836) INFO: [TadModel$3] Loading of TAD Global Status took 505 ms
(17:34:11.837) INFO: [TadGlobalStatusController] TAD global status data is ready!
(17:34:13.443) INFO: [TadModel] DSF session ID 24 has ended
(17:34:22.524) INFO: [TadModel] DSF session ID 25 has started
(17:34:25.715) INFO: [TadState] TAD state changed from DEBUG_STARTED to DEBUG_INIT_0 (Suspended, USER_REQUEST)
(17:34:28.387) INFO: [TadState] TAD state changed from DEBUG_INIT_0 to DEBUG_INIT_1 (Resumed, USER_REQUEST)
(17:34:28.417) INFO: [TadState] TAD state changed from DEBUG_INIT_1 to DEBUG_SUSPENDED (Suspended, BREAKPOINT)
(17:34:29.856) INFO: [TadState] TAD state changed from DEBUG_SUSPENDED to DEBUG_RESUMED (Resumed, USER_REQUEST)
(17:37:12.795) INFO: [TadState] TAD state changed from DEBUG_RESUMED to READY (Suspended, SIGNAL)
(17:37:13.307) ReadingException: com.freescale.mqx.gdb.tad.model.globalstatus.TadGlobalStatusFactory.isMqxDataValid() at 60.line "readLongVariableSafely(_mqx_kernel_data)"
(17:37:13.307) ERROR: [TadGlobalStatusFactory] Kernel Data NOT valid (pointer: 0x0000)
(17:37:13.307) ERROR: [TadGlobalStatusFactory] MQX data not valid!
(17:37:13.307) INFO: [TadModel$3] Loading of TAD Global Status took 508 ms
(17:37:13.308) INFO: [TadGlobalStatusController] TAD global status data is ready!
(17:37:14.454) INFO: [TadModel] DSF session ID 25 has ended
(17:37:16.108) INFO: [TadModel] DSF session ID 26 has started
(17:37:19.394) INFO: [TadState] TAD state changed from DEBUG_STARTED to DEBUG_INIT_0 (Suspended, USER_REQUEST)
(17:37:22.110) INFO: [TadState] TAD state changed from DEBUG_INIT_0 to DEBUG_INIT_1 (Resumed, USER_REQUEST)
(17:37:22.140) INFO: [TadState] TAD state changed from DEBUG_INIT_1 to DEBUG_SUSPENDED (Suspended, BREAKPOINT)
(17:37:24.004) INFO: [TadState] TAD state changed from DEBUG_SUSPENDED to DEBUG_RESUMED (Resumed, USER_REQUEST)
(17:39:55.186) INFO: [TadState] TAD state changed from DEBUG_RESUMED to READY (Suspended, SIGNAL)
(17:39:55.698) ReadingException: com.freescale.mqx.gdb.tad.model.globalstatus.TadGlobalStatusFactory.isMqxDataValid() at 60.line "readLongVariableSafely(_mqx_kernel_data)"
(17:39:55.698) ERROR: [TadGlobalStatusFactory] Kernel Data NOT valid (pointer: 0x0000)
(17:39:55.698) ERROR: [TadGlobalStatusFactory] MQX data not valid!
(17:39:55.698) INFO: [TadModel$3] Loading of TAD Global Status took 504 ms
(17:39:55.699) INFO: [TadGlobalStatusController] TAD global status data is ready!
(17:39:56.369) INFO: [TadModel] DSF session ID 27 has started
(17:39:57.308) INFO: [TadModel] DSF session ID 26 has ended
(17:39:58.050) INFO: [TadModel] DSF session ID 27 has ended
(17:39:59.768) INFO: [TadModel] DSF session ID 28 has started
(17:40:04.242) INFO: [TadState] TAD state changed from DEBUG_STARTED to DEBUG_INIT_0 (Suspended, USER_REQUEST)
(17:40:06.932) INFO: [TadState] TAD state changed from DEBUG_INIT_0 to DEBUG_INIT_1 (Resumed, USER_REQUEST)
(17:40:06.962) INFO: [TadState] TAD state changed from DEBUG_INIT_1 to DEBUG_SUSPENDED (Suspended, BREAKPOINT)
(17:40:08.958) INFO: [TadState] TAD state changed from DEBUG_SUSPENDED to DEBUG_RESUMED (Resumed, USER_REQUEST)
(17:40:47.073) INFO: [TadState] TAD state changed from DEBUG_RESUMED to READY (Suspended, SIGNAL)
(17:40:47.579) ReadingException: com.freescale.mqx.gdb.tad.model.globalstatus.TadGlobalStatusFactory.isMqxDataValid() at 60.line "readLongVariableSafely(_mqx_kernel_data)"
(17:40:47.579) ERROR: [TadGlobalStatusFactory] Kernel Data NOT valid (pointer: 0x0000)
(17:40:47.579) ERROR: [TadGlobalStatusFactory] MQX data not valid!
(17:40:47.579) INFO: [TadModel$3] Loading of TAD Global Status took 502 ms
(17:40:47.579) INFO: [TadGlobalStatusController] TAD global status data is ready!
(17:40:48.727) INFO: [TadModel] DSF session ID 29 has started
(17:40:49.188) INFO: [TadModel] DSF session ID 28 has ended
(17:40:50.287) INFO: [TadModel] DSF session ID 29 has ended
(17:40:51.696) INFO: [TadModel] DSF session ID 30 has started
(17:40:55.974) INFO: [TadState] TAD state changed from DEBUG_STARTED to DEBUG_INIT_0 (Suspended, USER_REQUEST)
(17:40:58.652) INFO: [TadState] TAD state changed from DEBUG_INIT_0 to DEBUG_INIT_1 (Resumed, USER_REQUEST)
(17:40:58.683) INFO: [TadState] TAD state changed from DEBUG_INIT_1 to DEBUG_SUSPENDED (Suspended, BREAKPOINT)
(17:40:59.923) INFO: [TadState] TAD state changed from DEBUG_SUSPENDED to DEBUG_RESUMED (Resumed, USER_REQUEST)
(17:43:53.836) INFO: [TadState] TAD state changed from DEBUG_RESUMED to READY (Suspended, SIGNAL)
(17:43:54.352) ReadingException: com.freescale.mqx.gdb.tad.model.globalstatus.TadGlobalStatusFactory.isMqxDataValid() at 60.line "readLongVariableSafely(_mqx_kernel_data)"
(17:43:54.352) ERROR: [TadGlobalStatusFactory] Kernel Data NOT valid (pointer: 0x0000)
(17:43:54.352) ERROR: [TadGlobalStatusFactory] MQX data not valid!
(17:43:54.352) INFO: [TadModel$3] Loading of TAD Global Status took 510 ms
(17:43:54.354) INFO: [TadGlobalStatusController] TAD global status data is ready!
(17:43:54.951) INFO: [TadModel] DSF session ID 31 has started
(17:43:55.954) INFO: [TadModel] DSF session ID 30 has ended
(17:43:56.307) INFO: [TadModel] DSF session ID 31 has ended
(17:43:57.062) INFO: [TadModel] DSF session ID 32 has started
(17:43:59.314) INFO: [TadModel] DSF session ID 32 has ended
(17:44:00.000) INFO: [TadModel] DSF session ID 33 has started
